
  .   ____          _            __ _ _
 /\\ / ___'_ __ _ _(_)_ __  __ _ \ \ \ \
( ( )\___ | '_ | '_| | '_ \/ _` | \ \ \ \
 \\/  ___)| |_)| | | | | || (_| |  ) ) ) )
  '  |____| .__|_| |_|_| |_\__, | / / / /
 =========|_|==============|___/=/_/_/_/
 :: Spring Boot ::                (v3.1.2)

2025-12-15T17:19:44.561Z  INFO 1 --- [           main] c.example.gateway.ApiGatewayApplication  : Starting ApiGatewayApplication v0.0.1-SNAPSHOT using Java 17.0.17 with PID 1 (/app/api-gateway.jar started by root in /app)
2025-12-15T17:19:44.574Z  INFO 1 --- [           main] c.example.gateway.ApiGatewayApplication  : No active profile set, falling back to 1 default profile: "default"
2025-12-15T17:19:52.009Z  INFO 1 --- [           main] o.s.cloud.context.scope.GenericScope     : BeanFactory id=73ea055a-d07c-3e47-a4d4-80efc0cfc165
2025-12-15T17:19:52.605Z  INFO 1 --- [           main] trationDelegate$BeanPostProcessorChecker : Bean 'org.springframework.cloud.client.loadbalancer.reactive.LoadBalancerBeanPostProcessorAutoConfiguration' of type [org.springframework.cloud.client.loadbalancer.reactive.LoadBalancerBeanPostProcessorAutoConfiguration] is not eligible for getting processed by all BeanPostProcessors (for example: not eligible for auto-proxying)
2025-12-15T17:19:52.609Z  INFO 1 --- [           main] trationDelegate$BeanPostProcessorChecker : Bean 'org.springframework.cloud.client.loadbalancer.reactive.LoadBalancerBeanPostProcessorAutoConfiguration$ReactorDeferringLoadBalancerFilterConfig' of type [org.springframework.cloud.client.loadbalancer.reactive.LoadBalancerBeanPostProcessorAutoConfiguration$ReactorDeferringLoadBalancerFilterConfig] is not eligible for getting processed by all BeanPostProcessors (for example: not eligible for auto-proxying)
2025-12-15T17:19:52.618Z  INFO 1 --- [           main] trationDelegate$BeanPostProcessorChecker : Bean 'reactorDeferringLoadBalancerExchangeFilterFunction' of type [org.springframework.cloud.client.loadbalancer.reactive.DeferringLoadBalancerExchangeFilterFunction] is not eligible for getting processed by all BeanPostProcessors (for example: not eligible for auto-proxying)
2025-12-15T17:19:58.934Z  INFO 1 --- [           main] o.s.c.g.r.RouteDefinitionRouteLocator    : Loaded RoutePredicateFactory [After]
2025-12-15T17:19:58.935Z  INFO 1 --- [           main] o.s.c.g.r.RouteDefinitionRouteLocator    : Loaded RoutePredicateFactory [Before]
2025-12-15T17:19:58.936Z  INFO 1 --- [           main] o.s.c.g.r.RouteDefinitionRouteLocator    : Loaded RoutePredicateFactory [Between]
2025-12-15T17:19:58.937Z  INFO 1 --- [           main] o.s.c.g.r.RouteDefinitionRouteLocator    : Loaded RoutePredicateFactory [Cookie]
2025-12-15T17:19:58.938Z  INFO 1 --- [           main] o.s.c.g.r.RouteDefinitionRouteLocator    : Loaded RoutePredicateFactory [Header]
2025-12-15T17:19:58.938Z  INFO 1 --- [           main] o.s.c.g.r.RouteDefinitionRouteLocator    : Loaded RoutePredicateFactory [Host]
2025-12-15T17:19:58.938Z  INFO 1 --- [           main] o.s.c.g.r.RouteDefinitionRouteLocator    : Loaded RoutePredicateFactory [Method]
2025-12-15T17:19:58.939Z  INFO 1 --- [           main] o.s.c.g.r.RouteDefinitionRouteLocator    : Loaded RoutePredicateFactory [Path]
2025-12-15T17:19:58.939Z  INFO 1 --- [           main] o.s.c.g.r.RouteDefinitionRouteLocator    : Loaded RoutePredicateFactory [Query]
2025-12-15T17:19:58.939Z  INFO 1 --- [           main] o.s.c.g.r.RouteDefinitionRouteLocator    : Loaded RoutePredicateFactory [ReadBody]
2025-12-15T17:19:58.939Z  INFO 1 --- [           main] o.s.c.g.r.RouteDefinitionRouteLocator    : Loaded RoutePredicateFactory [RemoteAddr]
2025-12-15T17:19:58.940Z  INFO 1 --- [           main] o.s.c.g.r.RouteDefinitionRouteLocator    : Loaded RoutePredicateFactory [XForwardedRemoteAddr]
2025-12-15T17:19:58.940Z  INFO 1 --- [           main] o.s.c.g.r.RouteDefinitionRouteLocator    : Loaded RoutePredicateFactory [Weight]
2025-12-15T17:19:58.940Z  INFO 1 --- [           main] o.s.c.g.r.RouteDefinitionRouteLocator    : Loaded RoutePredicateFactory [CloudFoundryRouteService]
2025-12-15T17:20:00.223Z  INFO 1 --- [           main] DiscoveryClientOptionalArgsConfiguration : Eureka HTTP Client uses RestTemplate.
2025-12-15T17:20:00.773Z  WARN 1 --- [           main] iguration$LoadBalancerCaffeineWarnLogger : Spring Cloud LoadBalancer is currently working with the default cache. While this cache implementation is useful for development and tests, it's recommended to use Caffeine cache in production.You can switch to using Caffeine cache, by adding it and org.springframework.cache.caffeine.CaffeineCacheManager to the classpath.
2025-12-15T17:20:01.014Z  INFO 1 --- [           main] o.s.c.n.eureka.InstanceInfoFactory       : Setting initial instance status as: STARTING
2025-12-15T17:20:01.826Z  INFO 1 --- [           main] com.netflix.discovery.DiscoveryClient    : Initializing Eureka in region us-east-1
2025-12-15T17:20:01.874Z  INFO 1 --- [           main] c.n.d.s.r.aws.ConfigClusterResolver      : Resolving eureka endpoints via configuration
2025-12-15T17:20:02.042Z  INFO 1 --- [           main] com.netflix.discovery.DiscoveryClient    : Disable delta property : false
2025-12-15T17:20:02.043Z  INFO 1 --- [           main] com.netflix.discovery.DiscoveryClient    : Single vip registry refresh property : null
2025-12-15T17:20:02.044Z  INFO 1 --- [           main] com.netflix.discovery.DiscoveryClient    : Force full registry fetch : false
2025-12-15T17:20:02.045Z  INFO 1 --- [           main] com.netflix.discovery.DiscoveryClient    : Application is null : false
2025-12-15T17:20:02.045Z  INFO 1 --- [           main] com.netflix.discovery.DiscoveryClient    : Registered Applications size is zero : true
2025-12-15T17:20:02.046Z  INFO 1 --- [           main] com.netflix.discovery.DiscoveryClient    : Application version is -1: true
2025-12-15T17:20:02.049Z  INFO 1 --- [           main] com.netflix.discovery.DiscoveryClient    : Getting all instance registry info from the eureka server
2025-12-15T17:20:05.863Z  INFO 1 --- [           main] com.netflix.discovery.DiscoveryClient    : The response status is 200
2025-12-15T17:20:05.872Z  INFO 1 --- [           main] com.netflix.discovery.DiscoveryClient    : Starting heartbeat executor: renew interval is: 30
2025-12-15T17:20:05.889Z  INFO 1 --- [           main] c.n.discovery.InstanceInfoReplicator     : InstanceInfoReplicator onDemand update allowed rate per min is 4
2025-12-15T17:20:05.911Z  INFO 1 --- [           main] com.netflix.discovery.DiscoveryClient    : Discovery Client initialized at timestamp 1765819205908 with initial instances count: 0
2025-12-15T17:20:05.920Z  INFO 1 --- [           main] o.s.c.n.e.s.EurekaServiceRegistry        : Registering application API-GATEWAY with eureka with status UP
2025-12-15T17:20:05.924Z  INFO 1 --- [           main] com.netflix.discovery.DiscoveryClient    : Saw local status change event StatusChangeEvent [timestamp=1765819205924, current=UP, previous=STARTING]
2025-12-15T17:20:05.933Z  INFO 1 --- [nfoReplicator-0] com.netflix.discovery.DiscoveryClient    : DiscoveryClient_API-GATEWAY/7c4462b5a0c3:api-gateway:8765: registering service...
2025-12-15T17:20:06.866Z  INFO 1 --- [nfoReplicator-0] com.netflix.discovery.DiscoveryClient    : DiscoveryClient_API-GATEWAY/7c4462b5a0c3:api-gateway:8765 - registration status: 204
2025-12-15T17:20:06.888Z  INFO 1 --- [           main] o.s.b.web.embedded.netty.NettyWebServer  : Netty started on port 8765
2025-12-15T17:20:06.894Z  INFO 1 --- [           main] .s.c.n.e.s.EurekaAutoServiceRegistration : Updating port to 8765
2025-12-15T17:20:06.955Z  INFO 1 --- [           main] c.example.gateway.ApiGatewayApplication  : Started ApiGatewayApplication in 26.552 seconds (process running for 31.289)
2025-12-15T17:20:36.231Z  INFO 1 --- [freshExecutor-0] com.netflix.discovery.DiscoveryClient    : Disable delta property : false
2025-12-15T17:20:36.289Z  INFO 1 --- [freshExecutor-0] com.netflix.discovery.DiscoveryClient    : Single vip registry refresh property : null
2025-12-15T17:20:36.298Z  INFO 1 --- [freshExecutor-0] com.netflix.discovery.DiscoveryClient    : Force full registry fetch : false
2025-12-15T17:20:36.299Z  INFO 1 --- [freshExecutor-0] com.netflix.discovery.DiscoveryClient    : Application is null : false
2025-12-15T17:20:36.300Z  INFO 1 --- [freshExecutor-0] com.netflix.discovery.DiscoveryClient    : Registered Applications size is zero : true
2025-12-15T17:20:36.301Z  INFO 1 --- [freshExecutor-0] com.netflix.discovery.DiscoveryClient    : Application version is -1: false
2025-12-15T17:20:36.303Z  INFO 1 --- [freshExecutor-0] com.netflix.discovery.DiscoveryClient    : Getting all instance registry info from the eureka server
2025-12-15T17:20:38.153Z  INFO 1 --- [freshExecutor-0] com.netflix.discovery.DiscoveryClient    : The response status is 200
2025-12-15T17:25:01.992Z  INFO 1 --- [trap-executor-0] c.n.d.s.r.aws.ConfigClusterResolver      : Resolving eureka endpoints via configuration
2025-12-15T17:30:01.979Z  INFO 1 --- [trap-executor-0] c.n.d.s.r.aws.ConfigClusterResolver      : Resolving eureka endpoints via configuration
2025-12-15T17:35:01.818Z  INFO 1 --- [trap-executor-0] c.n.d.s.r.aws.ConfigClusterResolver      : Resolving eureka endpoints via configuration
2025-12-15T17:40:01.823Z  INFO 1 --- [trap-executor-0] c.n.d.s.r.aws.ConfigClusterResolver      : Resolving eureka endpoints via configuration
