
  .   ____          _            __ _ _
 /\\ / ___'_ __ _ _(_)_ __  __ _ \ \ \ \
( ( )\___ | '_ | '_| | '_ \/ _` | \ \ \ \
 \\/  ___)| |_)| | | | | || (_| |  ) ) ) )
  '  |____| .__|_| |_|_| |_\__, | / / / /
 =========|_|==============|___/=/_/_/_/

 :: Spring Boot ::                (v3.5.8)

2025-12-15T17:19:45.936Z  INFO 1 --- [CONFIG-SERVER] [           main] c.e.c.ConfigServerApplication            : Starting ConfigServerApplication v0.0.1-SNAPSHOT using Java 17.0.17 with PID 1 (/app/config-server.jar started by root in /app)
2025-12-15T17:19:45.958Z  INFO 1 --- [CONFIG-SERVER] [           main] c.e.c.ConfigServerApplication            : No active profile set, falling back to 1 default profile: "default"
2025-12-15T17:19:53.951Z  INFO 1 --- [CONFIG-SERVER] [           main] o.s.cloud.context.scope.GenericScope     : BeanFactory id=af6c8891-b0f4-377b-8e22-754a592d6787
2025-12-15T17:19:55.636Z  INFO 1 --- [CONFIG-SERVER] [           main] o.s.b.w.embedded.tomcat.TomcatWebServer  : Tomcat initialized with port 8888 (http)
2025-12-15T17:19:55.704Z  INFO 1 --- [CONFIG-SERVER] [           main] o.apache.catalina.core.StandardService   : Starting service [Tomcat]
2025-12-15T17:19:55.705Z  INFO 1 --- [CONFIG-SERVER] [           main] o.apache.catalina.core.StandardEngine    : Starting Servlet engine: [Apache Tomcat/10.1.49]
2025-12-15T17:19:55.878Z  INFO 1 --- [CONFIG-SERVER] [           main] o.a.c.c.C.[Tomcat].[localhost].[/]       : Initializing Spring embedded WebApplicationContext
2025-12-15T17:19:55.885Z  INFO 1 --- [CONFIG-SERVER] [           main] w.s.c.ServletWebServerApplicationContext : Root WebApplicationContext: initialization completed in 9269 ms
2025-12-15T17:20:03.474Z  INFO 1 --- [CONFIG-SERVER] [           main] DiscoveryClientOptionalArgsConfiguration : Eureka HTTP Client uses RestTemplate.
2025-12-15T17:20:11.966Z  WARN 1 --- [CONFIG-SERVER] [           main] iguration$LoadBalancerCaffeineWarnLogger : Spring Cloud LoadBalancer is currently working with the default cache. While this cache implementation is useful for development and tests, it's recommended to use Caffeine cache in production.You can switch to using Caffeine cache, by adding it and org.springframework.cache.caffeine.CaffeineCacheManager to the classpath.
2025-12-15T17:20:12.064Z  INFO 1 --- [CONFIG-SERVER] [           main] o.s.c.n.eureka.InstanceInfoFactory       : Setting initial instance status as: STARTING
2025-12-15T17:20:12.206Z  INFO 1 --- [CONFIG-SERVER] [           main] com.netflix.discovery.DiscoveryClient    : Initializing Eureka in region us-east-1
2025-12-15T17:20:12.248Z  INFO 1 --- [CONFIG-SERVER] [           main] c.n.d.s.r.aws.ConfigClusterResolver      : Resolving eureka endpoints via configuration
2025-12-15T17:20:12.304Z  INFO 1 --- [CONFIG-SERVER] [           main] com.netflix.discovery.DiscoveryClient    : Disable delta property : false
2025-12-15T17:20:12.305Z  INFO 1 --- [CONFIG-SERVER] [           main] com.netflix.discovery.DiscoveryClient    : Single vip registry refresh property : null
2025-12-15T17:20:12.306Z  INFO 1 --- [CONFIG-SERVER] [           main] com.netflix.discovery.DiscoveryClient    : Force full registry fetch : false
2025-12-15T17:20:12.307Z  INFO 1 --- [CONFIG-SERVER] [           main] com.netflix.discovery.DiscoveryClient    : Application is null : false
2025-12-15T17:20:12.307Z  INFO 1 --- [CONFIG-SERVER] [           main] com.netflix.discovery.DiscoveryClient    : Registered Applications size is zero : true
2025-12-15T17:20:12.308Z  INFO 1 --- [CONFIG-SERVER] [           main] com.netflix.discovery.DiscoveryClient    : Application version is -1: true
2025-12-15T17:20:12.309Z  INFO 1 --- [CONFIG-SERVER] [           main] com.netflix.discovery.DiscoveryClient    : Getting all instance registry info from the eureka server
2025-12-15T17:20:13.810Z  INFO 1 --- [CONFIG-SERVER] [           main] com.netflix.discovery.DiscoveryClient    : The response status is 200
2025-12-15T17:20:13.813Z  INFO 1 --- [CONFIG-SERVER] [           main] com.netflix.discovery.DiscoveryClient    : Starting heartbeat executor: renew interval is: 30
2025-12-15T17:20:13.820Z  INFO 1 --- [CONFIG-SERVER] [           main] c.n.discovery.InstanceInfoReplicator     : InstanceInfoReplicator onDemand update allowed rate per min is 4
2025-12-15T17:20:13.830Z  INFO 1 --- [CONFIG-SERVER] [           main] com.netflix.discovery.DiscoveryClient    : Discovery Client initialized at timestamp 1765819213826 with initial instances count: 0
2025-12-15T17:20:13.843Z  INFO 1 --- [CONFIG-SERVER] [           main] o.s.c.n.e.s.EurekaServiceRegistry        : Registering application CONFIG-SERVER with eureka with status UP
2025-12-15T17:20:13.845Z  INFO 1 --- [CONFIG-SERVER] [           main] com.netflix.discovery.DiscoveryClient    : Saw local status change event StatusChangeEvent [timestamp=1765819213845, current=UP, previous=STARTING]
2025-12-15T17:20:13.852Z  INFO 1 --- [CONFIG-SERVER] [foReplicator-%d] com.netflix.discovery.DiscoveryClient    : DiscoveryClient_CONFIG-SERVER/aab1dd9916eb:CONFIG-SERVER:8888: registering service...
2025-12-15T17:20:13.955Z  INFO 1 --- [CONFIG-SERVER] [           main] o.s.b.w.embedded.tomcat.TomcatWebServer  : Tomcat started on port 8888 (http) with context path '/'
2025-12-15T17:20:13.961Z  INFO 1 --- [CONFIG-SERVER] [           main] .s.c.n.e.s.EurekaAutoServiceRegistration : Updating port to 8888
2025-12-15T17:20:14.036Z  INFO 1 --- [CONFIG-SERVER] [foReplicator-%d] com.netflix.discovery.DiscoveryClient    : DiscoveryClient_CONFIG-SERVER/aab1dd9916eb:CONFIG-SERVER:8888 - registration status: 204
2025-12-15T17:20:14.049Z  INFO 1 --- [CONFIG-SERVER] [           main] c.e.c.ConfigServerApplication            : Started ConfigServerApplication in 32.926 seconds (process running for 38.452)
2025-12-15T17:20:22.293Z  INFO 1 --- [CONFIG-SERVER] [nio-8888-exec-1] o.a.c.c.C.[Tomcat].[localhost].[/]       : Initializing Spring DispatcherServlet 'dispatcherServlet'
2025-12-15T17:20:22.294Z  INFO 1 --- [CONFIG-SERVER] [nio-8888-exec-1] o.s.web.servlet.DispatcherServlet        : Initializing Servlet 'dispatcherServlet'
2025-12-15T17:20:22.299Z  INFO 1 --- [CONFIG-SERVER] [nio-8888-exec-1] o.s.web.servlet.DispatcherServlet        : Completed initialization in 3 ms
2025-12-15T17:20:43.901Z  INFO 1 --- [CONFIG-SERVER] [reshExecutor-%d] com.netflix.discovery.DiscoveryClient    : Disable delta property : false
2025-12-15T17:20:44.106Z  INFO 1 --- [CONFIG-SERVER] [reshExecutor-%d] com.netflix.discovery.DiscoveryClient    : Single vip registry refresh property : null
2025-12-15T17:20:44.109Z  INFO 1 --- [CONFIG-SERVER] [reshExecutor-%d] com.netflix.discovery.DiscoveryClient    : Force full registry fetch : false
2025-12-15T17:20:44.111Z  INFO 1 --- [CONFIG-SERVER] [reshExecutor-%d] com.netflix.discovery.DiscoveryClient    : Application is null : false
2025-12-15T17:20:44.115Z  INFO 1 --- [CONFIG-SERVER] [reshExecutor-%d] com.netflix.discovery.DiscoveryClient    : Registered Applications size is zero : true
2025-12-15T17:20:44.117Z  INFO 1 --- [CONFIG-SERVER] [reshExecutor-%d] com.netflix.discovery.DiscoveryClient    : Application version is -1: false
2025-12-15T17:20:44.131Z  INFO 1 --- [CONFIG-SERVER] [reshExecutor-%d] com.netflix.discovery.DiscoveryClient    : Getting all instance registry info from the eureka server
2025-12-15T17:20:45.512Z  INFO 1 --- [CONFIG-SERVER] [reshExecutor-%d] com.netflix.discovery.DiscoveryClient    : The response status is 200
2025-12-15T17:20:53.741Z  INFO 1 --- [CONFIG-SERVER] [nio-8888-exec-5] o.s.c.c.s.e.NativeEnvironmentRepository  : Adding property source: Config resource 'file [/tmp/config-repo-9076104250213043239/passenger-service.properties]' via location 'file:/tmp/config-repo-9076104250213043239/'
2025-12-15T17:20:55.051Z  INFO 1 --- [CONFIG-SERVER] [nio-8888-exec-8] o.s.c.c.s.e.NativeEnvironmentRepository  : Adding property source: Config resource 'file [/tmp/config-repo-9076104250213043239/flight-service.properties]' via location 'file:/tmp/config-repo-9076104250213043239/'
2025-12-15T17:20:56.695Z  INFO 1 --- [CONFIG-SERVER] [nio-8888-exec-6] o.s.c.c.s.e.NativeEnvironmentRepository  : Adding property source: Config resource 'file [/tmp/config-repo-9076104250213043239/ticket-service.properties]' via location 'file:/tmp/config-repo-9076104250213043239/'
2025-12-15T17:20:59.604Z  INFO 1 --- [CONFIG-SERVER] [nio-8888-exec-7] o.s.c.c.s.e.NativeEnvironmentRepository  : Adding property source: Config resource 'file [/tmp/config-repo-9076104250213043239/ticket-service.properties]' via location 'file:/tmp/config-repo-9076104250213043239/'
2025-12-15T17:21:01.789Z  INFO 1 --- [CONFIG-SERVER] [nio-8888-exec-9] o.s.c.c.s.e.NativeEnvironmentRepository  : Adding property source: Config resource 'file [/tmp/config-repo-9076104250213043239/ticket-service.properties]' via location 'file:/tmp/config-repo-9076104250213043239/'
2025-12-15T17:25:12.252Z  INFO 1 --- [CONFIG-SERVER] [rap-executor-%d] c.n.d.s.r.aws.ConfigClusterResolver      : Resolving eureka endpoints via configuration
2025-12-15T17:30:12.242Z  INFO 1 --- [CONFIG-SERVER] [rap-executor-%d] c.n.d.s.r.aws.ConfigClusterResolver      : Resolving eureka endpoints via configuration
2025-12-15T17:35:12.078Z  INFO 1 --- [CONFIG-SERVER] [rap-executor-%d] c.n.d.s.r.aws.ConfigClusterResolver      : Resolving eureka endpoints via configuration
2025-12-15T17:40:12.059Z  INFO 1 --- [CONFIG-SERVER] [rap-executor-%d] c.n.d.s.r.aws.ConfigClusterResolver      : Resolving eureka endpoints via configuration
2025-12-15T17:45:12.035Z  INFO 1 --- [CONFIG-SERVER] [rap-executor-%d] c.n.d.s.r.aws.ConfigClusterResolver      : Resolving eureka endpoints via configuration
