
  .   ____          _            __ _ _
 /\\ / ___'_ __ _ _(_)_ __  __ _ \ \ \ \
( ( )\___ | '_ | '_| | '_ \/ _` | \ \ \ \
 \\/  ___)| |_)| | | | | || (_| |  ) ) ) )
  '  |____| .__|_| |_|_| |_\__, | / / / /
 =========|_|==============|___/=/_/_/_/
 :: Spring Boot ::                (v3.1.1)

2025-12-15T17:19:19.193Z  INFO 1 --- [           main] c.e.s.ServiceRegistryApplication         : Starting ServiceRegistryApplication v0.0.1-SNAPSHOT using Java 17.0.17 with PID 1 (/app/service-registry.jar started by root in /app)
2025-12-15T17:19:19.201Z  INFO 1 --- [           main] c.e.s.ServiceRegistryApplication         : No active profile set, falling back to 1 default profile: "default"
2025-12-15T17:19:23.106Z  INFO 1 --- [           main] o.s.cloud.context.scope.GenericScope     : BeanFactory id=adedaac0-2d0c-3ea6-96d0-64d255355cd3
2025-12-15T17:19:24.075Z  INFO 1 --- [           main] o.s.b.w.embedded.tomcat.TomcatWebServer  : Tomcat initialized with port(s): 8761 (http)
2025-12-15T17:19:24.103Z  INFO 1 --- [           main] o.apache.catalina.core.StandardService   : Starting service [Tomcat]
2025-12-15T17:19:24.103Z  INFO 1 --- [           main] o.apache.catalina.core.StandardEngine    : Starting Servlet engine: [Apache Tomcat/10.1.10]
2025-12-15T17:19:24.314Z  INFO 1 --- [           main] o.a.c.c.C.[Tomcat].[localhost].[/]       : Initializing Spring embedded WebApplicationContext
2025-12-15T17:19:24.318Z  INFO 1 --- [           main] w.s.c.ServletWebServerApplicationContext : Root WebApplicationContext: initialization completed in 4858 ms
2025-12-15T17:19:26.833Z  INFO 1 --- [           main] c.n.d.provider.DiscoveryJerseyProvider   : Using JSON encoding codec LegacyJacksonJson
2025-12-15T17:19:26.836Z  INFO 1 --- [           main] c.n.d.provider.DiscoveryJerseyProvider   : Using JSON decoding codec LegacyJacksonJson
2025-12-15T17:19:27.225Z  INFO 1 --- [           main] c.n.d.provider.DiscoveryJerseyProvider   : Using XML encoding codec XStreamXml
2025-12-15T17:19:27.225Z  INFO 1 --- [           main] c.n.d.provider.DiscoveryJerseyProvider   : Using XML decoding codec XStreamXml
2025-12-15T17:19:29.472Z  WARN 1 --- [           main] iguration$LoadBalancerCaffeineWarnLogger : Spring Cloud LoadBalancer is currently working with the default cache. While this cache implementation is useful for development and tests, it's recommended to use Caffeine cache in production.You can switch to using Caffeine cache, by adding it and org.springframework.cache.caffeine.CaffeineCacheManager to the classpath.
2025-12-15T17:19:29.537Z  INFO 1 --- [           main] o.s.c.n.eureka.InstanceInfoFactory       : Setting initial instance status as: STARTING
2025-12-15T17:19:29.649Z  INFO 1 --- [           main] com.netflix.discovery.DiscoveryClient    : Initializing Eureka in region us-east-1
2025-12-15T17:19:29.650Z  INFO 1 --- [           main] com.netflix.discovery.DiscoveryClient    : Client configured to neither register nor query for data.
2025-12-15T17:19:29.677Z  INFO 1 --- [           main] com.netflix.discovery.DiscoveryClient    : Discovery Client initialized at timestamp 1765819169675 with initial instances count: 0
2025-12-15T17:19:29.787Z  INFO 1 --- [           main] c.n.eureka.DefaultEurekaServerContext    : Initializing ...
2025-12-15T17:19:29.791Z  INFO 1 --- [           main] c.n.eureka.cluster.PeerEurekaNodes       : Adding new peer nodes [http://localhost:8761/eureka/]
2025-12-15T17:19:30.446Z  INFO 1 --- [           main] c.n.d.provider.DiscoveryJerseyProvider   : Using JSON encoding codec LegacyJacksonJson
2025-12-15T17:19:30.447Z  INFO 1 --- [           main] c.n.d.provider.DiscoveryJerseyProvider   : Using JSON decoding codec LegacyJacksonJson
2025-12-15T17:19:30.447Z  INFO 1 --- [           main] c.n.d.provider.DiscoveryJerseyProvider   : Using XML encoding codec XStreamXml
2025-12-15T17:19:30.448Z  INFO 1 --- [           main] c.n.d.provider.DiscoveryJerseyProvider   : Using XML decoding codec XStreamXml
2025-12-15T17:19:30.863Z  INFO 1 --- [           main] c.n.eureka.cluster.PeerEurekaNodes       : Replica node URL:  http://localhost:8761/eureka/
2025-12-15T17:19:30.890Z  INFO 1 --- [           main] c.n.e.registry.AbstractInstanceRegistry  : Finished initializing remote region registries. All known remote regions: []
2025-12-15T17:19:30.893Z  INFO 1 --- [           main] c.n.eureka.DefaultEurekaServerContext    : Initialized
2025-12-15T17:19:30.909Z  INFO 1 --- [           main] o.s.b.a.e.web.EndpointLinksResolver      : Exposing 1 endpoint(s) beneath base path '/actuator'
2025-12-15T17:19:31.046Z  INFO 1 --- [           main] o.s.c.n.e.s.EurekaServiceRegistry        : Registering application SERVICE-REGISTRY with eureka with status UP
2025-12-15T17:19:31.100Z  INFO 1 --- [       Thread-9] o.s.c.n.e.server.EurekaServerBootstrap   : isAws returned false
2025-12-15T17:19:31.102Z  INFO 1 --- [       Thread-9] o.s.c.n.e.server.EurekaServerBootstrap   : Initialized server context
2025-12-15T17:19:31.103Z  INFO 1 --- [       Thread-9] c.n.e.r.PeerAwareInstanceRegistryImpl    : Got 1 instances from neighboring DS node
2025-12-15T17:19:31.103Z  INFO 1 --- [       Thread-9] c.n.e.r.PeerAwareInstanceRegistryImpl    : Renew threshold is: 1
2025-12-15T17:19:31.104Z  INFO 1 --- [       Thread-9] c.n.e.r.PeerAwareInstanceRegistryImpl    : Changing status to UP
2025-12-15T17:19:31.141Z  INFO 1 --- [           main] o.s.b.w.embedded.tomcat.TomcatWebServer  : Tomcat started on port(s): 8761 (http) with context path ''
2025-12-15T17:19:31.145Z  INFO 1 --- [           main] .s.c.n.e.s.EurekaAutoServiceRegistration : Updating port to 8761
2025-12-15T17:19:31.150Z  INFO 1 --- [       Thread-9] e.s.EurekaServerInitializerConfiguration : Started Eureka Server
2025-12-15T17:19:31.202Z  INFO 1 --- [           main] c.e.s.ServiceRegistryApplication         : Started ServiceRegistryApplication in 14.64 seconds (process running for 17.08)
2025-12-15T17:19:34.394Z  INFO 1 --- [nio-8761-exec-1] o.a.c.c.C.[Tomcat].[localhost].[/]       : Initializing Spring DispatcherServlet 'dispatcherServlet'
2025-12-15T17:19:34.395Z  INFO 1 --- [nio-8761-exec-1] o.s.web.servlet.DispatcherServlet        : Initializing Servlet 'dispatcherServlet'
2025-12-15T17:19:34.400Z  INFO 1 --- [nio-8761-exec-1] o.s.web.servlet.DispatcherServlet        : Completed initialization in 5 ms
2025-12-15T17:20:06.846Z  INFO 1 --- [nio-8761-exec-7] c.n.e.registry.AbstractInstanceRegistry  : Registered instance API-GATEWAY/7c4462b5a0c3:api-gateway:8765 with status UP (replication=false)
2025-12-15T17:20:08.301Z  INFO 1 --- [nio-8761-exec-9] c.n.e.registry.AbstractInstanceRegistry  : Registered instance API-GATEWAY/7c4462b5a0c3:api-gateway:8765 with status UP (replication=true)
2025-12-15T17:20:14.031Z  INFO 1 --- [nio-8761-exec-1] c.n.e.registry.AbstractInstanceRegistry  : Registered instance CONFIG-SERVER/aab1dd9916eb:CONFIG-SERVER:8888 with status UP (replication=false)
2025-12-15T17:20:14.551Z  INFO 1 --- [nio-8761-exec-2] c.n.e.registry.AbstractInstanceRegistry  : Registered instance CONFIG-SERVER/aab1dd9916eb:CONFIG-SERVER:8888 with status UP (replication=true)
2025-12-15T17:20:26.124Z  INFO 1 --- [nio-8761-exec-6] c.n.e.registry.AbstractInstanceRegistry  : Registered instance AUTH-SERVICE/716fd96e0c08:auth-service:8085 with status UP (replication=false)
2025-12-15T17:20:26.708Z  INFO 1 --- [nio-8761-exec-7] c.n.e.registry.AbstractInstanceRegistry  : Registered instance AUTH-SERVICE/716fd96e0c08:auth-service:8085 with status UP (replication=true)
2025-12-15T17:20:31.131Z  INFO 1 --- [a-EvictionTimer] c.n.e.registry.AbstractInstanceRegistry  : Running the evict task with compensationTime 0ms
2025-12-15T17:20:39.905Z ERROR 1 --- [get_localhost-8] c.n.e.cluster.ReplicationTaskProcessor   : It seems to be a socket read timeout exception, it will retry later. if it continues to happen and some eureka node occupied all the cpu time, you should set property 'eureka.server.peer-node-read-timeout-ms' to a bigger value

jakarta.ws.rs.ProcessingException: java.net.SocketTimeoutException: Read timed out
	at org.glassfish.jersey.apache.connector.ApacheConnector.apply(ApacheConnector.java:531) ~[jersey-apache-connector-3.1.2.jar!/:na]
	at org.glassfish.jersey.client.ClientRuntime.invoke(ClientRuntime.java:300) ~[jersey-client-3.1.2.jar!/:na]
	at org.glassfish.jersey.client.JerseyInvocation.lambda$invoke$0(JerseyInvocation.java:662) ~[jersey-client-3.1.2.jar!/:na]
	at org.glassfish.jersey.client.JerseyInvocation.call(JerseyInvocation.java:697) ~[jersey-client-3.1.2.jar!/:na]
	at org.glassfish.jersey.client.JerseyInvocation.lambda$runInScope$3(JerseyInvocation.java:691) ~[jersey-client-3.1.2.jar!/:na]
	at org.glassfish.jersey.internal.Errors.process(Errors.java:292) ~[jersey-common-3.1.2.jar!/:na]
	at org.glassfish.jersey.internal.Errors.process(Errors.java:274) ~[jersey-common-3.1.2.jar!/:na]
	at org.glassfish.jersey.internal.Errors.process(Errors.java:205) ~[jersey-common-3.1.2.jar!/:na]
	at org.glassfish.jersey.process.internal.RequestScope.runInScope(RequestScope.java:390) ~[jersey-common-3.1.2.jar!/:na]
	at org.glassfish.jersey.client.JerseyInvocation.runInScope(JerseyInvocation.java:691) ~[jersey-client-3.1.2.jar!/:na]
	at org.glassfish.jersey.client.JerseyInvocation.invoke(JerseyInvocation.java:661) ~[jersey-client-3.1.2.jar!/:na]
	at org.glassfish.jersey.client.JerseyInvocation$Builder.method(JerseyInvocation.java:439) ~[jersey-client-3.1.2.jar!/:na]
	at org.glassfish.jersey.client.JerseyInvocation$Builder.post(JerseyInvocation.java:345) ~[jersey-client-3.1.2.jar!/:na]
	at com.netflix.eureka.transport.Jersey3ReplicationClient.submitBatchUpdates(Jersey3ReplicationClient.java:116) ~[eureka-core-jersey3-2.0.0.jar!/:2.0.0]
	at com.netflix.eureka.cluster.ReplicationTaskProcessor.process(ReplicationTaskProcessor.java:80) ~[eureka-core-2.0.0.jar!/:2.0.0]
	at com.netflix.eureka.util.batcher.TaskExecutors$BatchWorkerRunnable.run(TaskExecutors.java:190) ~[eureka-core-2.0.0.jar!/:2.0.0]
	at java.base/java.lang.Thread.run(Thread.java:840) ~[na:na]
Caused by: java.net.SocketTimeoutException: Read timed out
	at java.base/sun.nio.ch.NioSocketImpl.timedRead(NioSocketImpl.java:288) ~[na:na]
	at java.base/sun.nio.ch.NioSocketImpl.implRead(NioSocketImpl.java:314) ~[na:na]
	at java.base/sun.nio.ch.NioSocketImpl.read(NioSocketImpl.java:355) ~[na:na]
	at java.base/sun.nio.ch.NioSocketImpl$1.read(NioSocketImpl.java:808) ~[na:na]
	at java.base/java.net.Socket$SocketInputStream.read(Socket.java:966) ~[na:na]
	at org.apache.http.impl.io.SessionInputBufferImpl.streamRead(SessionInputBufferImpl.java:137) ~[httpcore-4.4.16.jar!/:4.4.16]
	at org.apache.http.impl.io.SessionInputBufferImpl.fillBuffer(SessionInputBufferImpl.java:153) ~[httpcore-4.4.16.jar!/:4.4.16]
	at org.apache.http.impl.io.SessionInputBufferImpl.readLine(SessionInputBufferImpl.java:280) ~[httpcore-4.4.16.jar!/:4.4.16]
	at org.apache.http.impl.conn.DefaultHttpResponseParser.parseHead(DefaultHttpResponseParser.java:138) ~[httpclient-4.5.3.jar!/:4.5.3]
	at org.apache.http.impl.conn.DefaultHttpResponseParser.parseHead(DefaultHttpResponseParser.java:56) ~[httpclient-4.5.3.jar!/:4.5.3]
	at org.apache.http.impl.io.AbstractMessageParser.parse(AbstractMessageParser.java:259) ~[httpcore-4.4.16.jar!/:4.4.16]
	at org.apache.http.impl.DefaultBHttpClientConnection.receiveResponseHeader(DefaultBHttpClientConnection.java:163) ~[httpcore-4.4.16.jar!/:4.4.16]
	at org.apache.http.impl.conn.CPoolProxy.receiveResponseHeader(CPoolProxy.java:165) ~[httpclient-4.5.3.jar!/:4.5.3]
	at org.apache.http.protocol.HttpRequestExecutor.doReceiveResponse(HttpRequestExecutor.java:273) ~[httpcore-4.4.16.jar!/:4.4.16]
	at org.apache.http.protocol.HttpRequestExecutor.execute(HttpRequestExecutor.java:125) ~[httpcore-4.4.16.jar!/:4.4.16]
	at org.apache.http.impl.execchain.MainClientExec.execute(MainClientExec.java:272) ~[httpclient-4.5.3.jar!/:4.5.3]
	at org.apache.http.impl.execchain.ProtocolExec.execute(ProtocolExec.java:185) ~[httpclient-4.5.3.jar!/:4.5.3]
	at org.apache.http.impl.execchain.RetryExec.execute(RetryExec.java:89) ~[httpclient-4.5.3.jar!/:4.5.3]
	at org.apache.http.impl.execchain.RedirectExec.execute(RedirectExec.java:111) ~[httpclient-4.5.3.jar!/:4.5.3]
	at org.apache.http.impl.client.InternalHttpClient.doExecute(InternalHttpClient.java:185) ~[httpclient-4.5.3.jar!/:4.5.3]
	at org.apache.http.impl.client.CloseableHttpClient.execute(CloseableHttpClient.java:72) ~[httpclient-4.5.3.jar!/:4.5.3]
	at org.glassfish.jersey.apache.connector.ApacheConnector.apply(ApacheConnector.java:483) ~[jersey-apache-connector-3.1.2.jar!/:na]
	... 16 common frames omitted

2025-12-15T17:21:15.891Z ERROR 1 --- [get_localhost-4] c.n.e.cluster.ReplicationTaskProcessor   : It seems to be a socket read timeout exception, it will retry later. if it continues to happen and some eureka node occupied all the cpu time, you should set property 'eureka.server.peer-node-read-timeout-ms' to a bigger value

jakarta.ws.rs.ProcessingException: java.net.SocketTimeoutException: Read timed out
	at org.glassfish.jersey.apache.connector.ApacheConnector.apply(ApacheConnector.java:531) ~[jersey-apache-connector-3.1.2.jar!/:na]
	at org.glassfish.jersey.client.ClientRuntime.invoke(ClientRuntime.java:300) ~[jersey-client-3.1.2.jar!/:na]
	at org.glassfish.jersey.client.JerseyInvocation.lambda$invoke$0(JerseyInvocation.java:662) ~[jersey-client-3.1.2.jar!/:na]
	at org.glassfish.jersey.client.JerseyInvocation.call(JerseyInvocation.java:697) ~[jersey-client-3.1.2.jar!/:na]
	at org.glassfish.jersey.client.JerseyInvocation.lambda$runInScope$3(JerseyInvocation.java:691) ~[jersey-client-3.1.2.jar!/:na]
	at org.glassfish.jersey.internal.Errors.process(Errors.java:292) ~[jersey-common-3.1.2.jar!/:na]
	at org.glassfish.jersey.internal.Errors.process(Errors.java:274) ~[jersey-common-3.1.2.jar!/:na]
	at org.glassfish.jersey.internal.Errors.process(Errors.java:205) ~[jersey-common-3.1.2.jar!/:na]
	at org.glassfish.jersey.process.internal.RequestScope.runInScope(RequestScope.java:390) ~[jersey-common-3.1.2.jar!/:na]
	at org.glassfish.jersey.client.JerseyInvocation.runInScope(JerseyInvocation.java:691) ~[jersey-client-3.1.2.jar!/:na]
	at org.glassfish.jersey.client.JerseyInvocation.invoke(JerseyInvocation.java:661) ~[jersey-client-3.1.2.jar!/:na]
	at org.glassfish.jersey.client.JerseyInvocation$Builder.method(JerseyInvocation.java:439) ~[jersey-client-3.1.2.jar!/:na]
	at org.glassfish.jersey.client.JerseyInvocation$Builder.post(JerseyInvocation.java:345) ~[jersey-client-3.1.2.jar!/:na]
	at com.netflix.eureka.transport.Jersey3ReplicationClient.submitBatchUpdates(Jersey3ReplicationClient.java:116) ~[eureka-core-jersey3-2.0.0.jar!/:2.0.0]
	at com.netflix.eureka.cluster.ReplicationTaskProcessor.process(ReplicationTaskProcessor.java:80) ~[eureka-core-2.0.0.jar!/:2.0.0]
	at com.netflix.eureka.util.batcher.TaskExecutors$BatchWorkerRunnable.run(TaskExecutors.java:190) ~[eureka-core-2.0.0.jar!/:2.0.0]
	at java.base/java.lang.Thread.run(Thread.java:840) ~[na:na]
Caused by: java.net.SocketTimeoutException: Read timed out
	at java.base/sun.nio.ch.NioSocketImpl.timedRead(NioSocketImpl.java:288) ~[na:na]
	at java.base/sun.nio.ch.NioSocketImpl.implRead(NioSocketImpl.java:314) ~[na:na]
	at java.base/sun.nio.ch.NioSocketImpl.read(NioSocketImpl.java:355) ~[na:na]
	at java.base/sun.nio.ch.NioSocketImpl$1.read(NioSocketImpl.java:808) ~[na:na]
	at java.base/java.net.Socket$SocketInputStream.read(Socket.java:966) ~[na:na]
	at org.apache.http.impl.io.SessionInputBufferImpl.streamRead(SessionInputBufferImpl.java:137) ~[httpcore-4.4.16.jar!/:4.4.16]
	at org.apache.http.impl.io.SessionInputBufferImpl.fillBuffer(SessionInputBufferImpl.java:153) ~[httpcore-4.4.16.jar!/:4.4.16]
	at org.apache.http.impl.io.SessionInputBufferImpl.readLine(SessionInputBufferImpl.java:280) ~[httpcore-4.4.16.jar!/:4.4.16]
	at org.apache.http.impl.conn.DefaultHttpResponseParser.parseHead(DefaultHttpResponseParser.java:138) ~[httpclient-4.5.3.jar!/:4.5.3]
	at org.apache.http.impl.conn.DefaultHttpResponseParser.parseHead(DefaultHttpResponseParser.java:56) ~[httpclient-4.5.3.jar!/:4.5.3]
	at org.apache.http.impl.io.AbstractMessageParser.parse(AbstractMessageParser.java:259) ~[httpcore-4.4.16.jar!/:4.4.16]
	at org.apache.http.impl.DefaultBHttpClientConnection.receiveResponseHeader(DefaultBHttpClientConnection.java:163) ~[httpcore-4.4.16.jar!/:4.4.16]
	at org.apache.http.impl.conn.CPoolProxy.receiveResponseHeader(CPoolProxy.java:165) ~[httpclient-4.5.3.jar!/:4.5.3]
	at org.apache.http.protocol.HttpRequestExecutor.doReceiveResponse(HttpRequestExecutor.java:273) ~[httpcore-4.4.16.jar!/:4.4.16]
	at org.apache.http.protocol.HttpRequestExecutor.execute(HttpRequestExecutor.java:125) ~[httpcore-4.4.16.jar!/:4.4.16]
	at org.apache.http.impl.execchain.MainClientExec.execute(MainClientExec.java:272) ~[httpclient-4.5.3.jar!/:4.5.3]
	at org.apache.http.impl.execchain.ProtocolExec.execute(ProtocolExec.java:185) ~[httpclient-4.5.3.jar!/:4.5.3]
	at org.apache.http.impl.execchain.RetryExec.execute(RetryExec.java:89) ~[httpclient-4.5.3.jar!/:4.5.3]
	at org.apache.http.impl.execchain.RedirectExec.execute(RedirectExec.java:111) ~[httpclient-4.5.3.jar!/:4.5.3]
	at org.apache.http.impl.client.InternalHttpClient.doExecute(InternalHttpClient.java:185) ~[httpclient-4.5.3.jar!/:4.5.3]
	at org.apache.http.impl.client.CloseableHttpClient.execute(CloseableHttpClient.java:72) ~[httpclient-4.5.3.jar!/:4.5.3]
	at org.glassfish.jersey.apache.connector.ApacheConnector.apply(ApacheConnector.java:483) ~[jersey-apache-connector-3.1.2.jar!/:na]
	... 16 common frames omitted

2025-12-15T17:21:31.141Z  INFO 1 --- [a-EvictionTimer] c.n.e.registry.AbstractInstanceRegistry  : Running the evict task with compensationTime 60ms
2025-12-15T17:21:50.335Z ERROR 1 --- [et_localhost-15] c.n.e.cluster.ReplicationTaskProcessor   : It seems to be a socket read timeout exception, it will retry later. if it continues to happen and some eureka node occupied all the cpu time, you should set property 'eureka.server.peer-node-read-timeout-ms' to a bigger value

jakarta.ws.rs.ProcessingException: java.net.SocketTimeoutException: Read timed out
	at org.glassfish.jersey.apache.connector.ApacheConnector.apply(ApacheConnector.java:531) ~[jersey-apache-connector-3.1.2.jar!/:na]
	at org.glassfish.jersey.client.ClientRuntime.invoke(ClientRuntime.java:300) ~[jersey-client-3.1.2.jar!/:na]
	at org.glassfish.jersey.client.JerseyInvocation.lambda$invoke$0(JerseyInvocation.java:662) ~[jersey-client-3.1.2.jar!/:na]
	at org.glassfish.jersey.client.JerseyInvocation.call(JerseyInvocation.java:697) ~[jersey-client-3.1.2.jar!/:na]
	at org.glassfish.jersey.client.JerseyInvocation.lambda$runInScope$3(JerseyInvocation.java:691) ~[jersey-client-3.1.2.jar!/:na]
	at org.glassfish.jersey.internal.Errors.process(Errors.java:292) ~[jersey-common-3.1.2.jar!/:na]
	at org.glassfish.jersey.internal.Errors.process(Errors.java:274) ~[jersey-common-3.1.2.jar!/:na]
	at org.glassfish.jersey.internal.Errors.process(Errors.java:205) ~[jersey-common-3.1.2.jar!/:na]
	at org.glassfish.jersey.process.internal.RequestScope.runInScope(RequestScope.java:390) ~[jersey-common-3.1.2.jar!/:na]
	at org.glassfish.jersey.client.JerseyInvocation.runInScope(JerseyInvocation.java:691) ~[jersey-client-3.1.2.jar!/:na]
	at org.glassfish.jersey.client.JerseyInvocation.invoke(JerseyInvocation.java:661) ~[jersey-client-3.1.2.jar!/:na]
	at org.glassfish.jersey.client.JerseyInvocation$Builder.method(JerseyInvocation.java:439) ~[jersey-client-3.1.2.jar!/:na]
	at org.glassfish.jersey.client.JerseyInvocation$Builder.post(JerseyInvocation.java:345) ~[jersey-client-3.1.2.jar!/:na]
	at com.netflix.eureka.transport.Jersey3ReplicationClient.submitBatchUpdates(Jersey3ReplicationClient.java:116) ~[eureka-core-jersey3-2.0.0.jar!/:2.0.0]
	at com.netflix.eureka.cluster.ReplicationTaskProcessor.process(ReplicationTaskProcessor.java:80) ~[eureka-core-2.0.0.jar!/:2.0.0]
	at com.netflix.eureka.util.batcher.TaskExecutors$BatchWorkerRunnable.run(TaskExecutors.java:190) ~[eureka-core-2.0.0.jar!/:2.0.0]
	at java.base/java.lang.Thread.run(Thread.java:840) ~[na:na]
Caused by: java.net.SocketTimeoutException: Read timed out
	at java.base/sun.nio.ch.NioSocketImpl.timedRead(NioSocketImpl.java:288) ~[na:na]
	at java.base/sun.nio.ch.NioSocketImpl.implRead(NioSocketImpl.java:314) ~[na:na]
	at java.base/sun.nio.ch.NioSocketImpl.read(NioSocketImpl.java:355) ~[na:na]
	at java.base/sun.nio.ch.NioSocketImpl$1.read(NioSocketImpl.java:808) ~[na:na]
	at java.base/java.net.Socket$SocketInputStream.read(Socket.java:966) ~[na:na]
	at org.apache.http.impl.io.SessionInputBufferImpl.streamRead(SessionInputBufferImpl.java:137) ~[httpcore-4.4.16.jar!/:4.4.16]
	at org.apache.http.impl.io.SessionInputBufferImpl.fillBuffer(SessionInputBufferImpl.java:153) ~[httpcore-4.4.16.jar!/:4.4.16]
	at org.apache.http.impl.io.SessionInputBufferImpl.readLine(SessionInputBufferImpl.java:280) ~[httpcore-4.4.16.jar!/:4.4.16]
	at org.apache.http.impl.conn.DefaultHttpResponseParser.parseHead(DefaultHttpResponseParser.java:138) ~[httpclient-4.5.3.jar!/:4.5.3]
	at org.apache.http.impl.conn.DefaultHttpResponseParser.parseHead(DefaultHttpResponseParser.java:56) ~[httpclient-4.5.3.jar!/:4.5.3]
	at org.apache.http.impl.io.AbstractMessageParser.parse(AbstractMessageParser.java:259) ~[httpcore-4.4.16.jar!/:4.4.16]
	at org.apache.http.impl.DefaultBHttpClientConnection.receiveResponseHeader(DefaultBHttpClientConnection.java:163) ~[httpcore-4.4.16.jar!/:4.4.16]
	at org.apache.http.impl.conn.CPoolProxy.receiveResponseHeader(CPoolProxy.java:165) ~[httpclient-4.5.3.jar!/:4.5.3]
	at org.apache.http.protocol.HttpRequestExecutor.doReceiveResponse(HttpRequestExecutor.java:273) ~[httpcore-4.4.16.jar!/:4.4.16]
	at org.apache.http.protocol.HttpRequestExecutor.execute(HttpRequestExecutor.java:125) ~[httpcore-4.4.16.jar!/:4.4.16]
	at org.apache.http.impl.execchain.MainClientExec.execute(MainClientExec.java:272) ~[httpclient-4.5.3.jar!/:4.5.3]
	at org.apache.http.impl.execchain.ProtocolExec.execute(ProtocolExec.java:185) ~[httpclient-4.5.3.jar!/:4.5.3]
	at org.apache.http.impl.execchain.RetryExec.execute(RetryExec.java:89) ~[httpclient-4.5.3.jar!/:4.5.3]
	at org.apache.http.impl.execchain.RedirectExec.execute(RedirectExec.java:111) ~[httpclient-4.5.3.jar!/:4.5.3]
	at org.apache.http.impl.client.InternalHttpClient.doExecute(InternalHttpClient.java:185) ~[httpclient-4.5.3.jar!/:4.5.3]
	at org.apache.http.impl.client.CloseableHttpClient.execute(CloseableHttpClient.java:72) ~[httpclient-4.5.3.jar!/:4.5.3]
	at org.glassfish.jersey.apache.connector.ApacheConnector.apply(ApacheConnector.java:483) ~[jersey-apache-connector-3.1.2.jar!/:na]
	... 16 common frames omitted

2025-12-15T17:21:50.339Z ERROR 1 --- [et_localhost-13] c.n.e.cluster.ReplicationTaskProcessor   : It seems to be a socket read timeout exception, it will retry later. if it continues to happen and some eureka node occupied all the cpu time, you should set property 'eureka.server.peer-node-read-timeout-ms' to a bigger value

jakarta.ws.rs.ProcessingException: java.net.SocketTimeoutException: Read timed out
	at org.glassfish.jersey.apache.connector.ApacheConnector.apply(ApacheConnector.java:531) ~[jersey-apache-connector-3.1.2.jar!/:na]
	at org.glassfish.jersey.client.ClientRuntime.invoke(ClientRuntime.java:300) ~[jersey-client-3.1.2.jar!/:na]
	at org.glassfish.jersey.client.JerseyInvocation.lambda$invoke$0(JerseyInvocation.java:662) ~[jersey-client-3.1.2.jar!/:na]
	at org.glassfish.jersey.client.JerseyInvocation.call(JerseyInvocation.java:697) ~[jersey-client-3.1.2.jar!/:na]
	at org.glassfish.jersey.client.JerseyInvocation.lambda$runInScope$3(JerseyInvocation.java:691) ~[jersey-client-3.1.2.jar!/:na]
	at org.glassfish.jersey.internal.Errors.process(Errors.java:292) ~[jersey-common-3.1.2.jar!/:na]
	at org.glassfish.jersey.internal.Errors.process(Errors.java:274) ~[jersey-common-3.1.2.jar!/:na]
	at org.glassfish.jersey.internal.Errors.process(Errors.java:205) ~[jersey-common-3.1.2.jar!/:na]
	at org.glassfish.jersey.process.internal.RequestScope.runInScope(RequestScope.java:390) ~[jersey-common-3.1.2.jar!/:na]
	at org.glassfish.jersey.client.JerseyInvocation.runInScope(JerseyInvocation.java:691) ~[jersey-client-3.1.2.jar!/:na]
	at org.glassfish.jersey.client.JerseyInvocation.invoke(JerseyInvocation.java:661) ~[jersey-client-3.1.2.jar!/:na]
	at org.glassfish.jersey.client.JerseyInvocation$Builder.method(JerseyInvocation.java:439) ~[jersey-client-3.1.2.jar!/:na]
	at org.glassfish.jersey.client.JerseyInvocation$Builder.post(JerseyInvocation.java:345) ~[jersey-client-3.1.2.jar!/:na]
	at com.netflix.eureka.transport.Jersey3ReplicationClient.submitBatchUpdates(Jersey3ReplicationClient.java:116) ~[eureka-core-jersey3-2.0.0.jar!/:2.0.0]
	at com.netflix.eureka.cluster.ReplicationTaskProcessor.process(ReplicationTaskProcessor.java:80) ~[eureka-core-2.0.0.jar!/:2.0.0]
	at com.netflix.eureka.util.batcher.TaskExecutors$BatchWorkerRunnable.run(TaskExecutors.java:190) ~[eureka-core-2.0.0.jar!/:2.0.0]
	at java.base/java.lang.Thread.run(Thread.java:840) ~[na:na]
Caused by: java.net.SocketTimeoutException: Read timed out
	at java.base/sun.nio.ch.NioSocketImpl.timedRead(NioSocketImpl.java:288) ~[na:na]
	at java.base/sun.nio.ch.NioSocketImpl.implRead(NioSocketImpl.java:314) ~[na:na]
	at java.base/sun.nio.ch.NioSocketImpl.read(NioSocketImpl.java:355) ~[na:na]
	at java.base/sun.nio.ch.NioSocketImpl$1.read(NioSocketImpl.java:808) ~[na:na]
	at java.base/java.net.Socket$SocketInputStream.read(Socket.java:966) ~[na:na]
	at org.apache.http.impl.io.SessionInputBufferImpl.streamRead(SessionInputBufferImpl.java:137) ~[httpcore-4.4.16.jar!/:4.4.16]
	at org.apache.http.impl.io.SessionInputBufferImpl.fillBuffer(SessionInputBufferImpl.java:153) ~[httpcore-4.4.16.jar!/:4.4.16]
	at org.apache.http.impl.io.SessionInputBufferImpl.readLine(SessionInputBufferImpl.java:280) ~[httpcore-4.4.16.jar!/:4.4.16]
	at org.apache.http.impl.conn.DefaultHttpResponseParser.parseHead(DefaultHttpResponseParser.java:138) ~[httpclient-4.5.3.jar!/:4.5.3]
	at org.apache.http.impl.conn.DefaultHttpResponseParser.parseHead(DefaultHttpResponseParser.java:56) ~[httpclient-4.5.3.jar!/:4.5.3]
	at org.apache.http.impl.io.AbstractMessageParser.parse(AbstractMessageParser.java:259) ~[httpcore-4.4.16.jar!/:4.4.16]
	at org.apache.http.impl.DefaultBHttpClientConnection.receiveResponseHeader(DefaultBHttpClientConnection.java:163) ~[httpcore-4.4.16.jar!/:4.4.16]
	at org.apache.http.impl.conn.CPoolProxy.receiveResponseHeader(CPoolProxy.java:165) ~[httpclient-4.5.3.jar!/:4.5.3]
	at org.apache.http.protocol.HttpRequestExecutor.doReceiveResponse(HttpRequestExecutor.java:273) ~[httpcore-4.4.16.jar!/:4.4.16]
	at org.apache.http.protocol.HttpRequestExecutor.execute(HttpRequestExecutor.java:125) ~[httpcore-4.4.16.jar!/:4.4.16]
	at org.apache.http.impl.execchain.MainClientExec.execute(MainClientExec.java:272) ~[httpclient-4.5.3.jar!/:4.5.3]
	at org.apache.http.impl.execchain.ProtocolExec.execute(ProtocolExec.java:185) ~[httpclient-4.5.3.jar!/:4.5.3]
	at org.apache.http.impl.execchain.RetryExec.execute(RetryExec.java:89) ~[httpclient-4.5.3.jar!/:4.5.3]
	at org.apache.http.impl.execchain.RedirectExec.execute(RedirectExec.java:111) ~[httpclient-4.5.3.jar!/:4.5.3]
	at org.apache.http.impl.client.InternalHttpClient.doExecute(InternalHttpClient.java:185) ~[httpclient-4.5.3.jar!/:4.5.3]
	at org.apache.http.impl.client.CloseableHttpClient.execute(CloseableHttpClient.java:72) ~[httpclient-4.5.3.jar!/:4.5.3]
	at org.glassfish.jersey.apache.connector.ApacheConnector.apply(ApacheConnector.java:483) ~[jersey-apache-connector-3.1.2.jar!/:na]
	... 16 common frames omitted

2025-12-15T17:21:52.838Z ERROR 1 --- [et_localhost-15] c.n.e.cluster.ReplicationTaskProcessor   : It seems to be a socket read timeout exception, it will retry later. if it continues to happen and some eureka node occupied all the cpu time, you should set property 'eureka.server.peer-node-read-timeout-ms' to a bigger value

jakarta.ws.rs.ProcessingException: java.net.SocketTimeoutException: Read timed out
	at org.glassfish.jersey.apache.connector.ApacheConnector.apply(ApacheConnector.java:531) ~[jersey-apache-connector-3.1.2.jar!/:na]
	at org.glassfish.jersey.client.ClientRuntime.invoke(ClientRuntime.java:300) ~[jersey-client-3.1.2.jar!/:na]
	at org.glassfish.jersey.client.JerseyInvocation.lambda$invoke$0(JerseyInvocation.java:662) ~[jersey-client-3.1.2.jar!/:na]
	at org.glassfish.jersey.client.JerseyInvocation.call(JerseyInvocation.java:697) ~[jersey-client-3.1.2.jar!/:na]
	at org.glassfish.jersey.client.JerseyInvocation.lambda$runInScope$3(JerseyInvocation.java:691) ~[jersey-client-3.1.2.jar!/:na]
	at org.glassfish.jersey.internal.Errors.process(Errors.java:292) ~[jersey-common-3.1.2.jar!/:na]
	at org.glassfish.jersey.internal.Errors.process(Errors.java:274) ~[jersey-common-3.1.2.jar!/:na]
	at org.glassfish.jersey.internal.Errors.process(Errors.java:205) ~[jersey-common-3.1.2.jar!/:na]
	at org.glassfish.jersey.process.internal.RequestScope.runInScope(RequestScope.java:390) ~[jersey-common-3.1.2.jar!/:na]
	at org.glassfish.jersey.client.JerseyInvocation.runInScope(JerseyInvocation.java:691) ~[jersey-client-3.1.2.jar!/:na]
	at org.glassfish.jersey.client.JerseyInvocation.invoke(JerseyInvocation.java:661) ~[jersey-client-3.1.2.jar!/:na]
	at org.glassfish.jersey.client.JerseyInvocation$Builder.method(JerseyInvocation.java:439) ~[jersey-client-3.1.2.jar!/:na]
	at org.glassfish.jersey.client.JerseyInvocation$Builder.post(JerseyInvocation.java:345) ~[jersey-client-3.1.2.jar!/:na]
	at com.netflix.eureka.transport.Jersey3ReplicationClient.submitBatchUpdates(Jersey3ReplicationClient.java:116) ~[eureka-core-jersey3-2.0.0.jar!/:2.0.0]
	at com.netflix.eureka.cluster.ReplicationTaskProcessor.process(ReplicationTaskProcessor.java:80) ~[eureka-core-2.0.0.jar!/:2.0.0]
	at com.netflix.eureka.util.batcher.TaskExecutors$BatchWorkerRunnable.run(TaskExecutors.java:190) ~[eureka-core-2.0.0.jar!/:2.0.0]
	at java.base/java.lang.Thread.run(Thread.java:840) ~[na:na]
Caused by: java.net.SocketTimeoutException: Read timed out
	at java.base/sun.nio.ch.NioSocketImpl.timedRead(NioSocketImpl.java:288) ~[na:na]
	at java.base/sun.nio.ch.NioSocketImpl.implRead(NioSocketImpl.java:314) ~[na:na]
	at java.base/sun.nio.ch.NioSocketImpl.read(NioSocketImpl.java:355) ~[na:na]
	at java.base/sun.nio.ch.NioSocketImpl$1.read(NioSocketImpl.java:808) ~[na:na]
	at java.base/java.net.Socket$SocketInputStream.read(Socket.java:966) ~[na:na]
	at org.apache.http.impl.io.SessionInputBufferImpl.streamRead(SessionInputBufferImpl.java:137) ~[httpcore-4.4.16.jar!/:4.4.16]
	at org.apache.http.impl.io.SessionInputBufferImpl.fillBuffer(SessionInputBufferImpl.java:153) ~[httpcore-4.4.16.jar!/:4.4.16]
	at org.apache.http.impl.io.SessionInputBufferImpl.readLine(SessionInputBufferImpl.java:280) ~[httpcore-4.4.16.jar!/:4.4.16]
	at org.apache.http.impl.conn.DefaultHttpResponseParser.parseHead(DefaultHttpResponseParser.java:138) ~[httpclient-4.5.3.jar!/:4.5.3]
	at org.apache.http.impl.conn.DefaultHttpResponseParser.parseHead(DefaultHttpResponseParser.java:56) ~[httpclient-4.5.3.jar!/:4.5.3]
	at org.apache.http.impl.io.AbstractMessageParser.parse(AbstractMessageParser.java:259) ~[httpcore-4.4.16.jar!/:4.4.16]
	at org.apache.http.impl.DefaultBHttpClientConnection.receiveResponseHeader(DefaultBHttpClientConnection.java:163) ~[httpcore-4.4.16.jar!/:4.4.16]
	at org.apache.http.impl.conn.CPoolProxy.receiveResponseHeader(CPoolProxy.java:165) ~[httpclient-4.5.3.jar!/:4.5.3]
	at org.apache.http.protocol.HttpRequestExecutor.doReceiveResponse(HttpRequestExecutor.java:273) ~[httpcore-4.4.16.jar!/:4.4.16]
	at org.apache.http.protocol.HttpRequestExecutor.execute(HttpRequestExecutor.java:125) ~[httpcore-4.4.16.jar!/:4.4.16]
	at org.apache.http.impl.execchain.MainClientExec.execute(MainClientExec.java:272) ~[httpclient-4.5.3.jar!/:4.5.3]
	at org.apache.http.impl.execchain.ProtocolExec.execute(ProtocolExec.java:185) ~[httpclient-4.5.3.jar!/:4.5.3]
	at org.apache.http.impl.execchain.RetryExec.execute(RetryExec.java:89) ~[httpclient-4.5.3.jar!/:4.5.3]
	at org.apache.http.impl.execchain.RedirectExec.execute(RedirectExec.java:111) ~[httpclient-4.5.3.jar!/:4.5.3]
	at org.apache.http.impl.client.InternalHttpClient.doExecute(InternalHttpClient.java:185) ~[httpclient-4.5.3.jar!/:4.5.3]
	at org.apache.http.impl.client.CloseableHttpClient.execute(CloseableHttpClient.java:72) ~[httpclient-4.5.3.jar!/:4.5.3]
	at org.glassfish.jersey.apache.connector.ApacheConnector.apply(ApacheConnector.java:483) ~[jersey-apache-connector-3.1.2.jar!/:na]
	... 16 common frames omitted

2025-12-15T17:22:06.675Z ERROR 1 --- [get_localhost-2] c.n.e.cluster.ReplicationTaskProcessor   : It seems to be a socket read timeout exception, it will retry later. if it continues to happen and some eureka node occupied all the cpu time, you should set property 'eureka.server.peer-node-read-timeout-ms' to a bigger value

jakarta.ws.rs.ProcessingException: java.net.SocketTimeoutException: Read timed out
	at org.glassfish.jersey.apache.connector.ApacheConnector.apply(ApacheConnector.java:531) ~[jersey-apache-connector-3.1.2.jar!/:na]
	at org.glassfish.jersey.client.ClientRuntime.invoke(ClientRuntime.java:300) ~[jersey-client-3.1.2.jar!/:na]
	at org.glassfish.jersey.client.JerseyInvocation.lambda$invoke$0(JerseyInvocation.java:662) ~[jersey-client-3.1.2.jar!/:na]
	at org.glassfish.jersey.client.JerseyInvocation.call(JerseyInvocation.java:697) ~[jersey-client-3.1.2.jar!/:na]
	at org.glassfish.jersey.client.JerseyInvocation.lambda$runInScope$3(JerseyInvocation.java:691) ~[jersey-client-3.1.2.jar!/:na]
	at org.glassfish.jersey.internal.Errors.process(Errors.java:292) ~[jersey-common-3.1.2.jar!/:na]
	at org.glassfish.jersey.internal.Errors.process(Errors.java:274) ~[jersey-common-3.1.2.jar!/:na]
	at org.glassfish.jersey.internal.Errors.process(Errors.java:205) ~[jersey-common-3.1.2.jar!/:na]
	at org.glassfish.jersey.process.internal.RequestScope.runInScope(RequestScope.java:390) ~[jersey-common-3.1.2.jar!/:na]
	at org.glassfish.jersey.client.JerseyInvocation.runInScope(JerseyInvocation.java:691) ~[jersey-client-3.1.2.jar!/:na]
	at org.glassfish.jersey.client.JerseyInvocation.invoke(JerseyInvocation.java:661) ~[jersey-client-3.1.2.jar!/:na]
	at org.glassfish.jersey.client.JerseyInvocation$Builder.method(JerseyInvocation.java:439) ~[jersey-client-3.1.2.jar!/:na]
	at org.glassfish.jersey.client.JerseyInvocation$Builder.post(JerseyInvocation.java:345) ~[jersey-client-3.1.2.jar!/:na]
	at com.netflix.eureka.transport.Jersey3ReplicationClient.submitBatchUpdates(Jersey3ReplicationClient.java:116) ~[eureka-core-jersey3-2.0.0.jar!/:2.0.0]
	at com.netflix.eureka.cluster.ReplicationTaskProcessor.process(ReplicationTaskProcessor.java:80) ~[eureka-core-2.0.0.jar!/:2.0.0]
	at com.netflix.eureka.util.batcher.TaskExecutors$BatchWorkerRunnable.run(TaskExecutors.java:190) ~[eureka-core-2.0.0.jar!/:2.0.0]
	at java.base/java.lang.Thread.run(Thread.java:840) ~[na:na]
Caused by: java.net.SocketTimeoutException: Read timed out
	at java.base/sun.nio.ch.NioSocketImpl.timedRead(NioSocketImpl.java:288) ~[na:na]
	at java.base/sun.nio.ch.NioSocketImpl.implRead(NioSocketImpl.java:314) ~[na:na]
	at java.base/sun.nio.ch.NioSocketImpl.read(NioSocketImpl.java:355) ~[na:na]
	at java.base/sun.nio.ch.NioSocketImpl$1.read(NioSocketImpl.java:808) ~[na:na]
	at java.base/java.net.Socket$SocketInputStream.read(Socket.java:966) ~[na:na]
	at org.apache.http.impl.io.SessionInputBufferImpl.streamRead(SessionInputBufferImpl.java:137) ~[httpcore-4.4.16.jar!/:4.4.16]
	at org.apache.http.impl.io.SessionInputBufferImpl.fillBuffer(SessionInputBufferImpl.java:153) ~[httpcore-4.4.16.jar!/:4.4.16]
	at org.apache.http.impl.io.SessionInputBufferImpl.readLine(SessionInputBufferImpl.java:280) ~[httpcore-4.4.16.jar!/:4.4.16]
	at org.apache.http.impl.conn.DefaultHttpResponseParser.parseHead(DefaultHttpResponseParser.java:138) ~[httpclient-4.5.3.jar!/:4.5.3]
	at org.apache.http.impl.conn.DefaultHttpResponseParser.parseHead(DefaultHttpResponseParser.java:56) ~[httpclient-4.5.3.jar!/:4.5.3]
	at org.apache.http.impl.io.AbstractMessageParser.parse(AbstractMessageParser.java:259) ~[httpcore-4.4.16.jar!/:4.4.16]
	at org.apache.http.impl.DefaultBHttpClientConnection.receiveResponseHeader(DefaultBHttpClientConnection.java:163) ~[httpcore-4.4.16.jar!/:4.4.16]
	at org.apache.http.impl.conn.CPoolProxy.receiveResponseHeader(CPoolProxy.java:165) ~[httpclient-4.5.3.jar!/:4.5.3]
	at org.apache.http.protocol.HttpRequestExecutor.doReceiveResponse(HttpRequestExecutor.java:273) ~[httpcore-4.4.16.jar!/:4.4.16]
	at org.apache.http.protocol.HttpRequestExecutor.execute(HttpRequestExecutor.java:125) ~[httpcore-4.4.16.jar!/:4.4.16]
	at org.apache.http.impl.execchain.MainClientExec.execute(MainClientExec.java:272) ~[httpclient-4.5.3.jar!/:4.5.3]
	at org.apache.http.impl.execchain.ProtocolExec.execute(ProtocolExec.java:185) ~[httpclient-4.5.3.jar!/:4.5.3]
	at org.apache.http.impl.execchain.RetryExec.execute(RetryExec.java:89) ~[httpclient-4.5.3.jar!/:4.5.3]
	at org.apache.http.impl.execchain.RedirectExec.execute(RedirectExec.java:111) ~[httpclient-4.5.3.jar!/:4.5.3]
	at org.apache.http.impl.client.InternalHttpClient.doExecute(InternalHttpClient.java:185) ~[httpclient-4.5.3.jar!/:4.5.3]
	at org.apache.http.impl.client.CloseableHttpClient.execute(CloseableHttpClient.java:72) ~[httpclient-4.5.3.jar!/:4.5.3]
	at org.glassfish.jersey.apache.connector.ApacheConnector.apply(ApacheConnector.java:483) ~[jersey-apache-connector-3.1.2.jar!/:na]
	... 16 common frames omitted

2025-12-15T17:22:08.160Z ERROR 1 --- [get_localhost-2] c.n.e.cluster.ReplicationTaskProcessor   : It seems to be a socket read timeout exception, it will retry later. if it continues to happen and some eureka node occupied all the cpu time, you should set property 'eureka.server.peer-node-read-timeout-ms' to a bigger value

jakarta.ws.rs.ProcessingException: java.net.SocketTimeoutException: Read timed out
	at org.glassfish.jersey.apache.connector.ApacheConnector.apply(ApacheConnector.java:531) ~[jersey-apache-connector-3.1.2.jar!/:na]
	at org.glassfish.jersey.client.ClientRuntime.invoke(ClientRuntime.java:300) ~[jersey-client-3.1.2.jar!/:na]
	at org.glassfish.jersey.client.JerseyInvocation.lambda$invoke$0(JerseyInvocation.java:662) ~[jersey-client-3.1.2.jar!/:na]
	at org.glassfish.jersey.client.JerseyInvocation.call(JerseyInvocation.java:697) ~[jersey-client-3.1.2.jar!/:na]
	at org.glassfish.jersey.client.JerseyInvocation.lambda$runInScope$3(JerseyInvocation.java:691) ~[jersey-client-3.1.2.jar!/:na]
	at org.glassfish.jersey.internal.Errors.process(Errors.java:292) ~[jersey-common-3.1.2.jar!/:na]
	at org.glassfish.jersey.internal.Errors.process(Errors.java:274) ~[jersey-common-3.1.2.jar!/:na]
	at org.glassfish.jersey.internal.Errors.process(Errors.java:205) ~[jersey-common-3.1.2.jar!/:na]
	at org.glassfish.jersey.process.internal.RequestScope.runInScope(RequestScope.java:390) ~[jersey-common-3.1.2.jar!/:na]
	at org.glassfish.jersey.client.JerseyInvocation.runInScope(JerseyInvocation.java:691) ~[jersey-client-3.1.2.jar!/:na]
	at org.glassfish.jersey.client.JerseyInvocation.invoke(JerseyInvocation.java:661) ~[jersey-client-3.1.2.jar!/:na]
	at org.glassfish.jersey.client.JerseyInvocation$Builder.method(JerseyInvocation.java:439) ~[jersey-client-3.1.2.jar!/:na]
	at org.glassfish.jersey.client.JerseyInvocation$Builder.post(JerseyInvocation.java:345) ~[jersey-client-3.1.2.jar!/:na]
	at com.netflix.eureka.transport.Jersey3ReplicationClient.submitBatchUpdates(Jersey3ReplicationClient.java:116) ~[eureka-core-jersey3-2.0.0.jar!/:2.0.0]
	at com.netflix.eureka.cluster.ReplicationTaskProcessor.process(ReplicationTaskProcessor.java:80) ~[eureka-core-2.0.0.jar!/:2.0.0]
	at com.netflix.eureka.util.batcher.TaskExecutors$BatchWorkerRunnable.run(TaskExecutors.java:190) ~[eureka-core-2.0.0.jar!/:2.0.0]
	at java.base/java.lang.Thread.run(Thread.java:840) ~[na:na]
Caused by: java.net.SocketTimeoutException: Read timed out
	at java.base/sun.nio.ch.NioSocketImpl.timedRead(NioSocketImpl.java:288) ~[na:na]
	at java.base/sun.nio.ch.NioSocketImpl.implRead(NioSocketImpl.java:314) ~[na:na]
	at java.base/sun.nio.ch.NioSocketImpl.read(NioSocketImpl.java:355) ~[na:na]
	at java.base/sun.nio.ch.NioSocketImpl$1.read(NioSocketImpl.java:808) ~[na:na]
	at java.base/java.net.Socket$SocketInputStream.read(Socket.java:966) ~[na:na]
	at org.apache.http.impl.io.SessionInputBufferImpl.streamRead(SessionInputBufferImpl.java:137) ~[httpcore-4.4.16.jar!/:4.4.16]
	at org.apache.http.impl.io.SessionInputBufferImpl.fillBuffer(SessionInputBufferImpl.java:153) ~[httpcore-4.4.16.jar!/:4.4.16]
	at org.apache.http.impl.io.SessionInputBufferImpl.readLine(SessionInputBufferImpl.java:280) ~[httpcore-4.4.16.jar!/:4.4.16]
	at org.apache.http.impl.conn.DefaultHttpResponseParser.parseHead(DefaultHttpResponseParser.java:138) ~[httpclient-4.5.3.jar!/:4.5.3]
	at org.apache.http.impl.conn.DefaultHttpResponseParser.parseHead(DefaultHttpResponseParser.java:56) ~[httpclient-4.5.3.jar!/:4.5.3]
	at org.apache.http.impl.io.AbstractMessageParser.parse(AbstractMessageParser.java:259) ~[httpcore-4.4.16.jar!/:4.4.16]
	at org.apache.http.impl.DefaultBHttpClientConnection.receiveResponseHeader(DefaultBHttpClientConnection.java:163) ~[httpcore-4.4.16.jar!/:4.4.16]
	at org.apache.http.impl.conn.CPoolProxy.receiveResponseHeader(CPoolProxy.java:165) ~[httpclient-4.5.3.jar!/:4.5.3]
	at org.apache.http.protocol.HttpRequestExecutor.doReceiveResponse(HttpRequestExecutor.java:273) ~[httpcore-4.4.16.jar!/:4.4.16]
	at org.apache.http.protocol.HttpRequestExecutor.execute(HttpRequestExecutor.java:125) ~[httpcore-4.4.16.jar!/:4.4.16]
	at org.apache.http.impl.execchain.MainClientExec.execute(MainClientExec.java:272) ~[httpclient-4.5.3.jar!/:4.5.3]
	at org.apache.http.impl.execchain.ProtocolExec.execute(ProtocolExec.java:185) ~[httpclient-4.5.3.jar!/:4.5.3]
	at org.apache.http.impl.execchain.RetryExec.execute(RetryExec.java:89) ~[httpclient-4.5.3.jar!/:4.5.3]
	at org.apache.http.impl.execchain.RedirectExec.execute(RedirectExec.java:111) ~[httpclient-4.5.3.jar!/:4.5.3]
	at org.apache.http.impl.client.InternalHttpClient.doExecute(InternalHttpClient.java:185) ~[httpclient-4.5.3.jar!/:4.5.3]
	at org.apache.http.impl.client.CloseableHttpClient.execute(CloseableHttpClient.java:72) ~[httpclient-4.5.3.jar!/:4.5.3]
	at org.glassfish.jersey.apache.connector.ApacheConnector.apply(ApacheConnector.java:483) ~[jersey-apache-connector-3.1.2.jar!/:na]
	... 16 common frames omitted

2025-12-15T17:22:31.129Z  INFO 1 --- [a-EvictionTimer] c.n.e.registry.AbstractInstanceRegistry  : Running the evict task with compensationTime 22ms
2025-12-15T17:22:34.080Z ERROR 1 --- [et_localhost-11] c.n.e.cluster.ReplicationTaskProcessor   : It seems to be a socket read timeout exception, it will retry later. if it continues to happen and some eureka node occupied all the cpu time, you should set property 'eureka.server.peer-node-read-timeout-ms' to a bigger value

jakarta.ws.rs.ProcessingException: java.net.SocketTimeoutException: Read timed out
	at org.glassfish.jersey.apache.connector.ApacheConnector.apply(ApacheConnector.java:531) ~[jersey-apache-connector-3.1.2.jar!/:na]
	at org.glassfish.jersey.client.ClientRuntime.invoke(ClientRuntime.java:300) ~[jersey-client-3.1.2.jar!/:na]
	at org.glassfish.jersey.client.JerseyInvocation.lambda$invoke$0(JerseyInvocation.java:662) ~[jersey-client-3.1.2.jar!/:na]
	at org.glassfish.jersey.client.JerseyInvocation.call(JerseyInvocation.java:697) ~[jersey-client-3.1.2.jar!/:na]
	at org.glassfish.jersey.client.JerseyInvocation.lambda$runInScope$3(JerseyInvocation.java:691) ~[jersey-client-3.1.2.jar!/:na]
	at org.glassfish.jersey.internal.Errors.process(Errors.java:292) ~[jersey-common-3.1.2.jar!/:na]
	at org.glassfish.jersey.internal.Errors.process(Errors.java:274) ~[jersey-common-3.1.2.jar!/:na]
	at org.glassfish.jersey.internal.Errors.process(Errors.java:205) ~[jersey-common-3.1.2.jar!/:na]
	at org.glassfish.jersey.process.internal.RequestScope.runInScope(RequestScope.java:390) ~[jersey-common-3.1.2.jar!/:na]
	at org.glassfish.jersey.client.JerseyInvocation.runInScope(JerseyInvocation.java:691) ~[jersey-client-3.1.2.jar!/:na]
	at org.glassfish.jersey.client.JerseyInvocation.invoke(JerseyInvocation.java:661) ~[jersey-client-3.1.2.jar!/:na]
	at org.glassfish.jersey.client.JerseyInvocation$Builder.method(JerseyInvocation.java:439) ~[jersey-client-3.1.2.jar!/:na]
	at org.glassfish.jersey.client.JerseyInvocation$Builder.post(JerseyInvocation.java:345) ~[jersey-client-3.1.2.jar!/:na]
	at com.netflix.eureka.transport.Jersey3ReplicationClient.submitBatchUpdates(Jersey3ReplicationClient.java:116) ~[eureka-core-jersey3-2.0.0.jar!/:2.0.0]
	at com.netflix.eureka.cluster.ReplicationTaskProcessor.process(ReplicationTaskProcessor.java:80) ~[eureka-core-2.0.0.jar!/:2.0.0]
	at com.netflix.eureka.util.batcher.TaskExecutors$BatchWorkerRunnable.run(TaskExecutors.java:190) ~[eureka-core-2.0.0.jar!/:2.0.0]
	at java.base/java.lang.Thread.run(Thread.java:840) ~[na:na]
Caused by: java.net.SocketTimeoutException: Read timed out
	at java.base/sun.nio.ch.NioSocketImpl.timedRead(NioSocketImpl.java:288) ~[na:na]
	at java.base/sun.nio.ch.NioSocketImpl.implRead(NioSocketImpl.java:314) ~[na:na]
	at java.base/sun.nio.ch.NioSocketImpl.read(NioSocketImpl.java:355) ~[na:na]
	at java.base/sun.nio.ch.NioSocketImpl$1.read(NioSocketImpl.java:808) ~[na:na]
	at java.base/java.net.Socket$SocketInputStream.read(Socket.java:966) ~[na:na]
	at org.apache.http.impl.io.SessionInputBufferImpl.streamRead(SessionInputBufferImpl.java:137) ~[httpcore-4.4.16.jar!/:4.4.16]
	at org.apache.http.impl.io.SessionInputBufferImpl.fillBuffer(SessionInputBufferImpl.java:153) ~[httpcore-4.4.16.jar!/:4.4.16]
	at org.apache.http.impl.io.SessionInputBufferImpl.readLine(SessionInputBufferImpl.java:280) ~[httpcore-4.4.16.jar!/:4.4.16]
	at org.apache.http.impl.conn.DefaultHttpResponseParser.parseHead(DefaultHttpResponseParser.java:138) ~[httpclient-4.5.3.jar!/:4.5.3]
	at org.apache.http.impl.conn.DefaultHttpResponseParser.parseHead(DefaultHttpResponseParser.java:56) ~[httpclient-4.5.3.jar!/:4.5.3]
	at org.apache.http.impl.io.AbstractMessageParser.parse(AbstractMessageParser.java:259) ~[httpcore-4.4.16.jar!/:4.4.16]
	at org.apache.http.impl.DefaultBHttpClientConnection.receiveResponseHeader(DefaultBHttpClientConnection.java:163) ~[httpcore-4.4.16.jar!/:4.4.16]
	at org.apache.http.impl.conn.CPoolProxy.receiveResponseHeader(CPoolProxy.java:165) ~[httpclient-4.5.3.jar!/:4.5.3]
	at org.apache.http.protocol.HttpRequestExecutor.doReceiveResponse(HttpRequestExecutor.java:273) ~[httpcore-4.4.16.jar!/:4.4.16]
	at org.apache.http.protocol.HttpRequestExecutor.execute(HttpRequestExecutor.java:125) ~[httpcore-4.4.16.jar!/:4.4.16]
	at org.apache.http.impl.execchain.MainClientExec.execute(MainClientExec.java:272) ~[httpclient-4.5.3.jar!/:4.5.3]
	at org.apache.http.impl.execchain.ProtocolExec.execute(ProtocolExec.java:185) ~[httpclient-4.5.3.jar!/:4.5.3]
	at org.apache.http.impl.execchain.RetryExec.execute(RetryExec.java:89) ~[httpclient-4.5.3.jar!/:4.5.3]
	at org.apache.http.impl.execchain.RedirectExec.execute(RedirectExec.java:111) ~[httpclient-4.5.3.jar!/:4.5.3]
	at org.apache.http.impl.client.InternalHttpClient.doExecute(InternalHttpClient.java:185) ~[httpclient-4.5.3.jar!/:4.5.3]
	at org.apache.http.impl.client.CloseableHttpClient.execute(CloseableHttpClient.java:72) ~[httpclient-4.5.3.jar!/:4.5.3]
	at org.glassfish.jersey.apache.connector.ApacheConnector.apply(ApacheConnector.java:483) ~[jersey-apache-connector-3.1.2.jar!/:na]
	... 16 common frames omitted

2025-12-15T17:22:48.981Z  INFO 1 --- [nio-8761-exec-9] c.n.e.registry.AbstractInstanceRegistry  : Registered instance PASSENGER-SERVICE/3c19675e3b80:passenger-service:9001 with status UP (replication=false)
2025-12-15T17:22:49.574Z  INFO 1 --- [nio-8761-exec-4] c.n.e.registry.AbstractInstanceRegistry  : Registered instance PASSENGER-SERVICE/3c19675e3b80:passenger-service:9001 with status UP (replication=true)
2025-12-15T17:22:50.283Z  INFO 1 --- [nio-8761-exec-8] c.n.e.registry.AbstractInstanceRegistry  : Registered instance FLIGHT-SERVICE/0a2afd76aae2:flight-service:9002 with status UP (replication=false)
2025-12-15T17:22:50.831Z  INFO 1 --- [nio-8761-exec-5] c.n.e.registry.AbstractInstanceRegistry  : Registered instance FLIGHT-SERVICE/0a2afd76aae2:flight-service:9002 with status UP (replication=true)
2025-12-15T17:23:00.584Z  INFO 1 --- [nio-8761-exec-3] c.n.e.registry.AbstractInstanceRegistry  : Registered instance TICKET-SERVICE/40eebb1c51e8:ticket-service:9003 with status UP (replication=false)
2025-12-15T17:23:01.102Z  INFO 1 --- [nio-8761-exec-4] c.n.e.registry.AbstractInstanceRegistry  : Registered instance TICKET-SERVICE/40eebb1c51e8:ticket-service:9003 with status UP (replication=true)
2025-12-15T17:23:31.144Z  INFO 1 --- [a-EvictionTimer] c.n.e.registry.AbstractInstanceRegistry  : Running the evict task with compensationTime 0ms
2025-12-15T17:24:31.144Z  INFO 1 --- [a-EvictionTimer] c.n.e.registry.AbstractInstanceRegistry  : Running the evict task with compensationTime 3ms
2025-12-15T17:25:31.144Z  INFO 1 --- [a-EvictionTimer] c.n.e.registry.AbstractInstanceRegistry  : Running the evict task with compensationTime 4ms
2025-12-15T17:26:31.144Z  INFO 1 --- [a-EvictionTimer] c.n.e.registry.AbstractInstanceRegistry  : Running the evict task with compensationTime 5ms
2025-12-15T17:27:31.144Z  INFO 1 --- [a-EvictionTimer] c.n.e.registry.AbstractInstanceRegistry  : Running the evict task with compensationTime 4ms
2025-12-15T17:28:31.145Z  INFO 1 --- [a-EvictionTimer] c.n.e.registry.AbstractInstanceRegistry  : Running the evict task with compensationTime 6ms
2025-12-15T17:29:31.145Z  INFO 1 --- [a-EvictionTimer] c.n.e.registry.AbstractInstanceRegistry  : Running the evict task with compensationTime 5ms
2025-12-15T17:30:31.145Z  INFO 1 --- [a-EvictionTimer] c.n.e.registry.AbstractInstanceRegistry  : Running the evict task with compensationTime 5ms
2025-12-15T17:31:31.146Z  INFO 1 --- [a-EvictionTimer] c.n.e.registry.AbstractInstanceRegistry  : Running the evict task with compensationTime 4ms
2025-12-15T17:32:31.182Z  INFO 1 --- [a-EvictionTimer] c.n.e.registry.AbstractInstanceRegistry  : Running the evict task with compensationTime 41ms
2025-12-15T17:33:31.240Z  INFO 1 --- [a-EvictionTimer] c.n.e.registry.AbstractInstanceRegistry  : Running the evict task with compensationTime 199ms
2025-12-15T17:34:30.980Z  INFO 1 --- [hresholdUpdater] c.n.e.r.PeerAwareInstanceRegistryImpl    : Current renewal threshold is : 11
2025-12-15T17:34:31.224Z  INFO 1 --- [a-EvictionTimer] c.n.e.registry.AbstractInstanceRegistry  : Running the evict task with compensationTime 1ms
2025-12-15T17:35:31.224Z  INFO 1 --- [a-EvictionTimer] c.n.e.registry.AbstractInstanceRegistry  : Running the evict task with compensationTime 5ms
2025-12-15T17:36:31.224Z  INFO 1 --- [a-EvictionTimer] c.n.e.registry.AbstractInstanceRegistry  : Running the evict task with compensationTime 5ms
2025-12-15T17:37:31.224Z  INFO 1 --- [a-EvictionTimer] c.n.e.registry.AbstractInstanceRegistry  : Running the evict task with compensationTime 5ms
2025-12-15T17:38:31.224Z  INFO 1 --- [a-EvictionTimer] c.n.e.registry.AbstractInstanceRegistry  : Running the evict task with compensationTime 6ms
2025-12-15T17:39:31.225Z  INFO 1 --- [a-EvictionTimer] c.n.e.registry.AbstractInstanceRegistry  : Running the evict task with compensationTime 5ms
2025-12-15T17:40:31.225Z  INFO 1 --- [a-EvictionTimer] c.n.e.registry.AbstractInstanceRegistry  : Running the evict task with compensationTime 5ms
2025-12-15T17:41:31.224Z  INFO 1 --- [a-EvictionTimer] c.n.e.registry.AbstractInstanceRegistry  : Running the evict task with compensationTime 5ms
2025-12-15T17:42:31.224Z  INFO 1 --- [a-EvictionTimer] c.n.e.registry.AbstractInstanceRegistry  : Running the evict task with compensationTime 5ms
2025-12-15T17:43:31.224Z  INFO 1 --- [a-EvictionTimer] c.n.e.registry.AbstractInstanceRegistry  : Running the evict task with compensationTime 6ms
2025-12-15T17:44:31.224Z  INFO 1 --- [a-EvictionTimer] c.n.e.registry.AbstractInstanceRegistry  : Running the evict task with compensationTime 5ms
