
  .   ____          _            __ _ _
 /\\ / ___'_ __ _ _(_)_ __  __ _ \ \ \ \
( ( )\___ | '_ | '_| | '_ \/ _` | \ \ \ \
 \\/  ___)| |_)| | | | | || (_| |  ) ) ) )
  '  |____| .__|_| |_|_| |_\__, | / / / /
 =========|_|==============|___/=/_/_/_/
 :: Spring Boot ::                (v3.2.0)

2025-12-15T17:20:57.832Z  INFO 1 --- [passenger-service] [           main] c.example.PassengerServiceApplication    : Starting PassengerServiceApplication v0.0.1-SNAPSHOT using Java 17.0.17 with PID 1 (/app/passenger-service.jar started by root in /app)
2025-12-15T17:20:57.908Z  INFO 1 --- [passenger-service] [           main] c.example.PassengerServiceApplication    : No active profile set, falling back to 1 default profile: "default"
2025-12-15T17:20:59.560Z  INFO 1 --- [passenger-service] [           main] o.s.c.c.c.ConfigServerConfigDataLoader   : Fetching config from server at : http://config-server:8888
2025-12-15T17:20:59.569Z  INFO 1 --- [passenger-service] [           main] o.s.c.c.c.ConfigServerConfigDataLoader   : Located environment: name=passenger-service, profiles=[default], label=null, version=0e79c9d10ef7b0fd54204ed574affff6d0533a24, state=
2025-12-15T17:21:17.874Z  INFO 1 --- [passenger-service] [           main] .s.d.r.c.RepositoryConfigurationDelegate : Bootstrapping Spring Data JPA repositories in DEFAULT mode.
2025-12-15T17:21:21.679Z  INFO 1 --- [passenger-service] [           main] .s.d.r.c.RepositoryConfigurationDelegate : Finished Spring Data repository scanning in 3523 ms. Found 2 JPA repository interfaces.
2025-12-15T17:21:24.999Z  INFO 1 --- [passenger-service] [           main] o.s.cloud.context.scope.GenericScope     : BeanFactory id=98b1309e-0b13-3262-a065-a7b646a29e83
2025-12-15T17:21:27.604Z  WARN 1 --- [passenger-service] [           main] trationDelegate$BeanPostProcessorChecker : Bean 'org.springframework.cloud.client.loadbalancer.LoadBalancerAutoConfiguration$DeferringLoadBalancerInterceptorConfig' of type [org.springframework.cloud.client.loadbalancer.LoadBalancerAutoConfiguration$DeferringLoadBalancerInterceptorConfig] is not eligible for getting processed by all BeanPostProcessors (for example: not eligible for auto-proxying). The currently created BeanPostProcessor [lbRestClientPostProcessor] is declared through a non-static factory method on that class; consider declaring it as static instead.
2025-12-15T17:21:27.645Z  WARN 1 --- [passenger-service] [           main] trationDelegate$BeanPostProcessorChecker : Bean 'deferringLoadBalancerInterceptor' of type [org.springframework.cloud.client.loadbalancer.DeferringLoadBalancerInterceptor] is not eligible for getting processed by all BeanPostProcessors (for example: not eligible for auto-proxying). Is this bean getting eagerly injected into a currently created BeanPostProcessor [lbRestClientPostProcessor]? Check the corresponding BeanPostProcessor declaration and its dependencies.
2025-12-15T17:21:33.174Z  INFO 1 --- [passenger-service] [           main] o.s.b.w.embedded.tomcat.TomcatWebServer  : Tomcat initialized with port 9001 (http)
2025-12-15T17:21:33.313Z  INFO 1 --- [passenger-service] [           main] o.apache.catalina.core.StandardService   : Starting service [Tomcat]
2025-12-15T17:21:33.315Z  INFO 1 --- [passenger-service] [           main] o.apache.catalina.core.StandardEngine    : Starting Servlet engine: [Apache Tomcat/10.1.16]
2025-12-15T17:21:34.242Z  INFO 1 --- [passenger-service] [           main] o.a.c.c.C.[Tomcat].[localhost].[/]       : Initializing Spring embedded WebApplicationContext
2025-12-15T17:21:34.248Z  INFO 1 --- [passenger-service] [           main] w.s.c.ServletWebServerApplicationContext : Root WebApplicationContext: initialization completed in 34611 ms
2025-12-15T17:21:38.263Z  INFO 1 --- [passenger-service] [           main] o.hibernate.jpa.internal.util.LogHelper  : HHH000204: Processing PersistenceUnitInfo [name: default]
2025-12-15T17:21:39.816Z  INFO 1 --- [passenger-service] [           main] org.hibernate.Version                    : HHH000412: Hibernate ORM core version 6.3.1.Final
2025-12-15T17:21:40.631Z  INFO 1 --- [passenger-service] [           main] o.h.c.internal.RegionFactoryInitiator    : HHH000026: Second-level cache disabled
2025-12-15T17:21:52.998Z  INFO 1 --- [passenger-service] [           main] o.s.o.j.p.SpringPersistenceUnitInfo      : No LoadTimeWeaver setup: ignoring JPA class transformer
2025-12-15T17:21:55.424Z  INFO 1 --- [passenger-service] [           main] com.zaxxer.hikari.HikariDataSource       : HikariPool-1 - Starting...
2025-12-15T17:22:05.603Z  INFO 1 --- [passenger-service] [           main] com.zaxxer.hikari.pool.HikariPool        : HikariPool-1 - Added connection org.postgresql.jdbc.PgConnection@f2becb2
2025-12-15T17:22:05.664Z  INFO 1 --- [passenger-service] [           main] com.zaxxer.hikari.HikariDataSource       : HikariPool-1 - Start completed.
2025-12-15T17:22:07.301Z  WARN 1 --- [passenger-service] [           main] org.hibernate.orm.deprecation            : HHH90000025: PostgreSQLDialect does not need to be specified explicitly using 'hibernate.dialect' (remove the property setting and it will be selected by default)
2025-12-15T17:22:22.305Z  INFO 1 --- [passenger-service] [           main] o.h.e.t.j.p.i.JtaPlatformInitiator       : HHH000489: No JTA platform available (set 'hibernate.transaction.jta.platform' to enable JTA platform integration)
2025-12-15T17:22:23.523Z  INFO 1 --- [passenger-service] [           main] j.LocalContainerEntityManagerFactoryBean : Initialized JPA EntityManagerFactory for persistence unit 'default'
2025-12-15T17:22:31.843Z  WARN 1 --- [passenger-service] [           main] JpaBaseConfiguration$JpaWebConfiguration : spring.jpa.open-in-view is enabled by default. Therefore, database queries may be performed during view rendering. Explicitly configure spring.jpa.open-in-view to disable this warning
2025-12-15T17:22:40.624Z  INFO 1 --- [passenger-service] [           main] DiscoveryClientOptionalArgsConfiguration : Eureka HTTP Client uses RestTemplate.
2025-12-15T17:22:41.873Z  WARN 1 --- [passenger-service] [           main] iguration$LoadBalancerCaffeineWarnLogger : Spring Cloud LoadBalancer is currently working with the default cache. While this cache implementation is useful for development and tests, it's recommended to use Caffeine cache in production.You can switch to using Caffeine cache, by adding it and org.springframework.cache.caffeine.CaffeineCacheManager to the classpath.
2025-12-15T17:22:42.436Z  INFO 1 --- [passenger-service] [           main] o.s.c.n.eureka.InstanceInfoFactory       : Setting initial instance status as: STARTING
2025-12-15T17:22:42.975Z  INFO 1 --- [passenger-service] [           main] com.netflix.discovery.DiscoveryClient    : Initializing Eureka in region us-east-1
2025-12-15T17:22:43.081Z  INFO 1 --- [passenger-service] [           main] c.n.d.s.r.aws.ConfigClusterResolver      : Resolving eureka endpoints via configuration
2025-12-15T17:22:43.394Z  INFO 1 --- [passenger-service] [           main] com.netflix.discovery.DiscoveryClient    : Disable delta property : false
2025-12-15T17:22:43.395Z  INFO 1 --- [passenger-service] [           main] com.netflix.discovery.DiscoveryClient    : Single vip registry refresh property : null
2025-12-15T17:22:43.402Z  INFO 1 --- [passenger-service] [           main] com.netflix.discovery.DiscoveryClient    : Force full registry fetch : false
2025-12-15T17:22:43.428Z  INFO 1 --- [passenger-service] [           main] com.netflix.discovery.DiscoveryClient    : Application is null : false
2025-12-15T17:22:43.430Z  INFO 1 --- [passenger-service] [           main] com.netflix.discovery.DiscoveryClient    : Registered Applications size is zero : true
2025-12-15T17:22:43.432Z  INFO 1 --- [passenger-service] [           main] com.netflix.discovery.DiscoveryClient    : Application version is -1: true
2025-12-15T17:22:43.445Z  INFO 1 --- [passenger-service] [           main] com.netflix.discovery.DiscoveryClient    : Getting all instance registry info from the eureka server
2025-12-15T17:22:48.224Z  INFO 1 --- [passenger-service] [           main] com.netflix.discovery.DiscoveryClient    : The response status is 200
2025-12-15T17:22:48.256Z  INFO 1 --- [passenger-service] [           main] com.netflix.discovery.DiscoveryClient    : Starting heartbeat executor: renew interval is: 30
2025-12-15T17:22:48.275Z  INFO 1 --- [passenger-service] [           main] c.n.discovery.InstanceInfoReplicator     : InstanceInfoReplicator onDemand update allowed rate per min is 4
2025-12-15T17:22:48.283Z  INFO 1 --- [passenger-service] [           main] com.netflix.discovery.DiscoveryClient    : Discovery Client initialized at timestamp 1765819368281 with initial instances count: 3
2025-12-15T17:22:48.315Z  INFO 1 --- [passenger-service] [           main] o.s.c.n.e.s.EurekaServiceRegistry        : Registering application PASSENGER-SERVICE with eureka with status UP
2025-12-15T17:22:48.334Z  INFO 1 --- [passenger-service] [           main] com.netflix.discovery.DiscoveryClient    : Saw local status change event StatusChangeEvent [timestamp=1765819368334, current=UP, previous=STARTING]
2025-12-15T17:22:48.355Z  INFO 1 --- [passenger-service] [foReplicator-%d] com.netflix.discovery.DiscoveryClient    : DiscoveryClient_PASSENGER-SERVICE/3c19675e3b80:passenger-service:9001: registering service...
2025-12-15T17:22:48.746Z  INFO 1 --- [passenger-service] [           main] o.s.b.w.embedded.tomcat.TomcatWebServer  : Tomcat started on port 9001 (http) with context path ''
2025-12-15T17:22:48.764Z  INFO 1 --- [passenger-service] [           main] .s.c.n.e.s.EurekaAutoServiceRegistration : Updating port to 9001
2025-12-15T17:22:48.990Z  INFO 1 --- [passenger-service] [           main] c.example.PassengerServiceApplication    : Started PassengerServiceApplication in 131.621 seconds (process running for 143.575)
2025-12-15T17:22:48.999Z  INFO 1 --- [passenger-service] [foReplicator-%d] com.netflix.discovery.DiscoveryClient    : DiscoveryClient_PASSENGER-SERVICE/3c19675e3b80:passenger-service:9001 - registration status: 204
2025-12-15T17:27:43.461Z  INFO 1 --- [passenger-service] [rap-executor-%d] c.n.d.s.r.aws.ConfigClusterResolver      : Resolving eureka endpoints via configuration
2025-12-15T17:28:02.685Z  INFO 1 --- [passenger-service] [nio-9001-exec-1] o.a.c.c.C.[Tomcat].[localhost].[/]       : Initializing Spring DispatcherServlet 'dispatcherServlet'
2025-12-15T17:28:02.687Z  INFO 1 --- [passenger-service] [nio-9001-exec-1] o.s.web.servlet.DispatcherServlet        : Initializing Servlet 'dispatcherServlet'
2025-12-15T17:28:02.699Z  INFO 1 --- [passenger-service] [nio-9001-exec-1] o.s.web.servlet.DispatcherServlet        : Completed initialization in 11 ms
Hibernate: select p1_0.passenger_id,p1_0.address_id,p1_0.email,p1_0.name,p1_0.phone_number from passenger p1_0 where p1_0.email=?
Hibernate: select a1_0.address_id,a1_0.city,a1_0.house_no,p1_0.passenger_id,p1_0.email,p1_0.name,p1_0.phone_number,a1_0.state from address a1_0 left join passenger p1_0 on a1_0.address_id=p1_0.address_id where a1_0.address_id=?
Hibernate: select p1_0.passenger_id,a1_0.address_id,a1_0.city,a1_0.house_no,a1_0.state,p1_0.email,p1_0.name,p1_0.phone_number from passenger p1_0 left join address a1_0 on a1_0.address_id=p1_0.address_id where p1_0.passenger_id=?
Hibernate: select p1_0.passenger_id,p1_0.address_id,p1_0.email,p1_0.name,p1_0.phone_number from passenger p1_0 where p1_0.email=?
Hibernate: select a1_0.address_id,a1_0.city,a1_0.house_no,p1_0.passenger_id,p1_0.email,p1_0.name,p1_0.phone_number,a1_0.state from address a1_0 left join passenger p1_0 on a1_0.address_id=p1_0.address_id where a1_0.address_id=?
Hibernate: select p1_0.passenger_id,a1_0.address_id,a1_0.city,a1_0.house_no,a1_0.state,p1_0.email,p1_0.name,p1_0.phone_number from passenger p1_0 left join address a1_0 on a1_0.address_id=p1_0.address_id where p1_0.passenger_id=?
Hibernate: select p1_0.passenger_id,p1_0.address_id,p1_0.email,p1_0.name,p1_0.phone_number from passenger p1_0 where p1_0.email=?
Hibernate: select a1_0.address_id,a1_0.city,a1_0.house_no,p1_0.passenger_id,p1_0.email,p1_0.name,p1_0.phone_number,a1_0.state from address a1_0 left join passenger p1_0 on a1_0.address_id=p1_0.address_id where a1_0.address_id=?
Hibernate: select p1_0.passenger_id,a1_0.address_id,a1_0.city,a1_0.house_no,a1_0.state,p1_0.email,p1_0.name,p1_0.phone_number from passenger p1_0 left join address a1_0 on a1_0.address_id=p1_0.address_id where p1_0.passenger_id=?
2025-12-15T17:32:43.368Z  INFO 1 --- [passenger-service] [rap-executor-%d] c.n.d.s.r.aws.ConfigClusterResolver      : Resolving eureka endpoints via configuration
2025-12-15T17:37:43.793Z  INFO 1 --- [passenger-service] [rap-executor-%d] c.n.d.s.r.aws.ConfigClusterResolver      : Resolving eureka endpoints via configuration
2025-12-15T17:42:43.783Z  INFO 1 --- [passenger-service] [rap-executor-%d] c.n.d.s.r.aws.ConfigClusterResolver      : Resolving eureka endpoints via configuration
