
  .   ____          _            __ _ _
 /\\ / ___'_ __ _ _(_)_ __  __ _ \ \ \ \
( ( )\___ | '_ | '_| | '_ \/ _` | \ \ \ \
 \\/  ___)| |_)| | | | | || (_| |  ) ) ) )
  '  |____| .__|_| |_|_| |_\__, | / / / /
 =========|_|==============|___/=/_/_/_/
 :: Spring Boot ::                (v3.1.1)

2025-12-15T17:21:08.935Z  INFO 1 --- [           main] com.example.TicketServiceApplication     : Starting TicketServiceApplication v0.0.1-SNAPSHOT using Java 17.0.17 with PID 1 (/app/ticket-service.jar started by root in /app)
2025-12-15T17:21:08.963Z DEBUG 1 --- [           main] com.example.TicketServiceApplication     : Running with Spring Boot v3.1.1, Spring v6.0.10
2025-12-15T17:21:08.973Z  INFO 1 --- [           main] com.example.TicketServiceApplication     : No active profile set, falling back to 1 default profile: "default"
2025-12-15T17:21:10.532Z  INFO 1 --- [           main] o.s.c.c.c.ConfigServerConfigDataLoader   : Fetching config from server at : http://config-server:8888
2025-12-15T17:21:10.533Z  INFO 1 --- [           main] o.s.c.c.c.ConfigServerConfigDataLoader   : Located environment: name=ticket-service, profiles=[default], label=null, version=0e79c9d10ef7b0fd54204ed574affff6d0533a24, state=
2025-12-15T17:21:10.533Z  INFO 1 --- [           main] o.s.c.c.c.ConfigServerConfigDataLoader   : Fetching config from server at : http://config-server:8888
2025-12-15T17:21:10.534Z  INFO 1 --- [           main] o.s.c.c.c.ConfigServerConfigDataLoader   : Located environment: name=ticket-service, profiles=[default], label=null, version=0e79c9d10ef7b0fd54204ed574affff6d0533a24, state=
2025-12-15T17:21:10.535Z  INFO 1 --- [           main] o.s.c.c.c.ConfigServerConfigDataLoader   : Fetching config from server at : http://config-server:8888
2025-12-15T17:21:10.536Z  INFO 1 --- [           main] o.s.c.c.c.ConfigServerConfigDataLoader   : Located environment: name=ticket-service, profiles=[default], label=null, version=0e79c9d10ef7b0fd54204ed574affff6d0533a24, state=
2025-12-15T17:21:23.934Z DEBUG 1 --- [           main] o.s.c.openfeign.FeignClientsRegistrar$1  : Identified candidate component class: URL [jar:file:/app/ticket-service.jar!/BOOT-INF/classes!/com/example/feign/FlightInterface.class]
2025-12-15T17:21:23.936Z DEBUG 1 --- [           main] o.s.c.openfeign.FeignClientsRegistrar$1  : Identified candidate component class: URL [jar:file:/app/ticket-service.jar!/BOOT-INF/classes!/com/example/feign/PassengerInterface.class]
2025-12-15T17:21:25.269Z DEBUG 1 --- [           main] i.g.r.s.u.RxJava2OnClasspathCondition    : RxJava2 related Aspect extensions are not activated, because RxJava2 is not on the classpath.
2025-12-15T17:21:25.283Z DEBUG 1 --- [           main] i.g.r.s.u.ReactorOnClasspathCondition    : Reactor related Aspect extensions are not activated because Resilience4j Reactor module is not on the classpath.
2025-12-15T17:21:25.441Z DEBUG 1 --- [           main] i.g.r.s.u.RxJava2OnClasspathCondition    : RxJava2 related Aspect extensions are not activated, because RxJava2 is not on the classpath.
2025-12-15T17:21:25.451Z DEBUG 1 --- [           main] i.g.r.s.u.ReactorOnClasspathCondition    : Reactor related Aspect extensions are not activated because Resilience4j Reactor module is not on the classpath.
2025-12-15T17:21:25.678Z DEBUG 1 --- [           main] i.g.r.s.u.RxJava2OnClasspathCondition    : RxJava2 related Aspect extensions are not activated, because RxJava2 is not on the classpath.
2025-12-15T17:21:25.681Z DEBUG 1 --- [           main] i.g.r.s.u.ReactorOnClasspathCondition    : Reactor related Aspect extensions are not activated because Resilience4j Reactor module is not on the classpath.
2025-12-15T17:21:25.792Z DEBUG 1 --- [           main] i.g.r.s.u.RxJava2OnClasspathCondition    : RxJava2 related Aspect extensions are not activated, because RxJava2 is not on the classpath.
2025-12-15T17:21:25.805Z DEBUG 1 --- [           main] i.g.r.s.u.ReactorOnClasspathCondition    : Reactor related Aspect extensions are not activated because Resilience4j Reactor module is not on the classpath.
2025-12-15T17:21:25.902Z DEBUG 1 --- [           main] i.g.r.s.u.RxJava2OnClasspathCondition    : RxJava2 related Aspect extensions are not activated, because RxJava2 is not on the classpath.
2025-12-15T17:21:25.908Z DEBUG 1 --- [           main] i.g.r.s.u.ReactorOnClasspathCondition    : Reactor related Aspect extensions are not activated because Resilience4j Reactor module is not on the classpath.
2025-12-15T17:21:25.973Z DEBUG 1 --- [           main] i.g.r.s.u.RxJava2OnClasspathCondition    : RxJava2 related Aspect extensions are not activated, because RxJava2 is not on the classpath.
2025-12-15T17:21:25.976Z DEBUG 1 --- [           main] i.g.r.s.u.ReactorOnClasspathCondition    : Reactor related Aspect extensions are not activated because Resilience4j Reactor module is not on the classpath.
2025-12-15T17:21:28.238Z  INFO 1 --- [           main] .s.d.r.c.RepositoryConfigurationDelegate : Bootstrapping Spring Data JPA repositories in DEFAULT mode.
2025-12-15T17:21:32.180Z  INFO 1 --- [           main] .s.d.r.c.RepositoryConfigurationDelegate : Finished Spring Data repository scanning in 3780 ms. Found 1 JPA repository interfaces.
2025-12-15T17:21:39.972Z  INFO 1 --- [           main] o.s.cloud.context.scope.GenericScope     : BeanFactory id=365aaa26-b268-3d7d-9437-6f589d595406
2025-12-15T17:21:41.812Z DEBUG 1 --- [           main] o.s.c.openfeign.FeignClientFactoryBean   : Creating a FeignClientFactoryBean.
2025-12-15T17:21:42.198Z  INFO 1 --- [           main] trationDelegate$BeanPostProcessorChecker : Bean 'com.example.feign.FlightInterface' of type [org.springframework.cloud.openfeign.FeignClientFactoryBean] is not eligible for getting processed by all BeanPostProcessors (for example: not eligible for auto-proxying)
2025-12-15T17:21:42.201Z DEBUG 1 --- [           main] o.s.c.openfeign.FeignClientFactoryBean   : Creating a FeignClientFactoryBean.
2025-12-15T17:21:42.236Z  INFO 1 --- [           main] trationDelegate$BeanPostProcessorChecker : Bean 'com.example.feign.PassengerInterface' of type [org.springframework.cloud.openfeign.FeignClientFactoryBean] is not eligible for getting processed by all BeanPostProcessors (for example: not eligible for auto-proxying)
2025-12-15T17:22:11.069Z  INFO 1 --- [           main] o.s.b.w.embedded.tomcat.TomcatWebServer  : Tomcat initialized with port(s): 9003 (http)
2025-12-15T17:22:11.355Z  INFO 1 --- [           main] o.apache.catalina.core.StandardService   : Starting service [Tomcat]
2025-12-15T17:22:11.356Z  INFO 1 --- [           main] o.apache.catalina.core.StandardEngine    : Starting Servlet engine: [Apache Tomcat/10.1.10]
2025-12-15T17:22:12.444Z  INFO 1 --- [           main] o.a.c.c.C.[Tomcat].[localhost].[/]       : Initializing Spring embedded WebApplicationContext
2025-12-15T17:22:12.472Z  INFO 1 --- [           main] w.s.c.ServletWebServerApplicationContext : Root WebApplicationContext: initialization completed in 61822 ms
2025-12-15T17:22:16.296Z  INFO 1 --- [           main] o.hibernate.jpa.internal.util.LogHelper  : HHH000204: Processing PersistenceUnitInfo [name: default]
2025-12-15T17:22:17.292Z  INFO 1 --- [           main] org.hibernate.Version                    : HHH000412: Hibernate ORM core version 6.2.5.Final
2025-12-15T17:22:17.315Z  INFO 1 --- [           main] org.hibernate.cfg.Environment            : HHH000406: Using bytecode reflection optimizer
2025-12-15T17:22:18.798Z  INFO 1 --- [           main] o.h.b.i.BytecodeProviderInitiator        : HHH000021: Bytecode provider name : bytebuddy
2025-12-15T17:22:20.641Z  INFO 1 --- [           main] o.s.o.j.p.SpringPersistenceUnitInfo      : No LoadTimeWeaver setup: ignoring JPA class transformer
2025-12-15T17:22:20.789Z  INFO 1 --- [           main] com.zaxxer.hikari.HikariDataSource       : HikariPool-1 - Starting...
2025-12-15T17:22:24.568Z  INFO 1 --- [           main] com.zaxxer.hikari.pool.HikariPool        : HikariPool-1 - Added connection org.postgresql.jdbc.PgConnection@376e7531
2025-12-15T17:22:24.644Z  INFO 1 --- [           main] com.zaxxer.hikari.HikariDataSource       : HikariPool-1 - Start completed.
2025-12-15T17:22:28.538Z  INFO 1 --- [           main] o.h.b.i.BytecodeProviderInitiator        : HHH000021: Bytecode provider name : bytebuddy
2025-12-15T17:22:37.514Z  INFO 1 --- [           main] o.h.e.t.j.p.i.JtaPlatformInitiator       : HHH000490: Using JtaPlatform implementation: [org.hibernate.engine.transaction.jta.platform.internal.NoJtaPlatform]
2025-12-15T17:22:38.331Z  INFO 1 --- [           main] j.LocalContainerEntityManagerFactoryBean : Initialized JPA EntityManagerFactory for persistence unit 'default'
2025-12-15T17:22:50.713Z  WARN 1 --- [           main] JpaBaseConfiguration$JpaWebConfiguration : spring.jpa.open-in-view is enabled by default. Therefore, database queries may be performed during view rendering. Explicitly configure spring.jpa.open-in-view to disable this warning
2025-12-15T17:22:51.532Z  INFO 1 --- [           main] o.s.c.openfeign.FeignClientFactoryBean   : For 'PASSENGER-SERVICE' URL not provided. Will try picking an instance via load-balancing.
2025-12-15T17:22:52.224Z  INFO 1 --- [           main] o.s.c.openfeign.FeignClientFactoryBean   : For 'FLIGHT-SERVICE' URL not provided. Will try picking an instance via load-balancing.
2025-12-15T17:22:58.165Z  INFO 1 --- [           main] DiscoveryClientOptionalArgsConfiguration : Eureka HTTP Client uses RestTemplate.
2025-12-15T17:22:58.630Z  WARN 1 --- [           main] iguration$LoadBalancerCaffeineWarnLogger : Spring Cloud LoadBalancer is currently working with the default cache. While this cache implementation is useful for development and tests, it's recommended to use Caffeine cache in production.You can switch to using Caffeine cache, by adding it and org.springframework.cache.caffeine.CaffeineCacheManager to the classpath.
2025-12-15T17:22:58.801Z  INFO 1 --- [           main] o.s.c.n.eureka.InstanceInfoFactory       : Setting initial instance status as: STARTING
2025-12-15T17:22:59.313Z  INFO 1 --- [           main] com.netflix.discovery.DiscoveryClient    : Initializing Eureka in region us-east-1
2025-12-15T17:22:59.340Z  INFO 1 --- [           main] c.n.d.s.r.aws.ConfigClusterResolver      : Resolving eureka endpoints via configuration
2025-12-15T17:22:59.466Z  INFO 1 --- [           main] com.netflix.discovery.DiscoveryClient    : Disable delta property : false
2025-12-15T17:22:59.468Z  INFO 1 --- [           main] com.netflix.discovery.DiscoveryClient    : Single vip registry refresh property : null
2025-12-15T17:22:59.469Z  INFO 1 --- [           main] com.netflix.discovery.DiscoveryClient    : Force full registry fetch : false
2025-12-15T17:22:59.469Z  INFO 1 --- [           main] com.netflix.discovery.DiscoveryClient    : Application is null : false
2025-12-15T17:22:59.469Z  INFO 1 --- [           main] com.netflix.discovery.DiscoveryClient    : Registered Applications size is zero : true
2025-12-15T17:22:59.469Z  INFO 1 --- [           main] com.netflix.discovery.DiscoveryClient    : Application version is -1: true
2025-12-15T17:22:59.469Z  INFO 1 --- [           main] com.netflix.discovery.DiscoveryClient    : Getting all instance registry info from the eureka server
2025-12-15T17:23:00.318Z  INFO 1 --- [           main] com.netflix.discovery.DiscoveryClient    : The response status is 200
2025-12-15T17:23:00.326Z  INFO 1 --- [           main] com.netflix.discovery.DiscoveryClient    : Starting heartbeat executor: renew interval is: 30
2025-12-15T17:23:00.335Z  INFO 1 --- [           main] c.n.discovery.InstanceInfoReplicator     : InstanceInfoReplicator onDemand update allowed rate per min is 4
2025-12-15T17:23:00.351Z  INFO 1 --- [           main] com.netflix.discovery.DiscoveryClient    : Discovery Client initialized at timestamp 1765819380347 with initial instances count: 3
2025-12-15T17:23:00.381Z  INFO 1 --- [           main] o.s.c.n.e.s.EurekaServiceRegistry        : Registering application TICKET-SERVICE with eureka with status UP
2025-12-15T17:23:00.383Z  INFO 1 --- [           main] com.netflix.discovery.DiscoveryClient    : Saw local status change event StatusChangeEvent [timestamp=1765819380383, current=UP, previous=STARTING]
2025-12-15T17:23:00.389Z  INFO 1 --- [nfoReplicator-0] com.netflix.discovery.DiscoveryClient    : DiscoveryClient_TICKET-SERVICE/40eebb1c51e8:ticket-service:9003: registering service...
2025-12-15T17:23:00.464Z  INFO 1 --- [           main] o.s.b.w.embedded.tomcat.TomcatWebServer  : Tomcat started on port(s): 9003 (http) with context path ''
2025-12-15T17:23:00.466Z  INFO 1 --- [           main] .s.c.n.e.s.EurekaAutoServiceRegistration : Updating port to 9003
2025-12-15T17:23:00.519Z  INFO 1 --- [           main] com.example.TicketServiceApplication     : Started TicketServiceApplication in 142.204 seconds (process running for 154.742)
2025-12-15T17:23:00.589Z  INFO 1 --- [nfoReplicator-0] com.netflix.discovery.DiscoveryClient    : DiscoveryClient_TICKET-SERVICE/40eebb1c51e8:ticket-service:9003 - registration status: 204
2025-12-15T17:27:59.468Z  INFO 1 --- [trap-executor-0] c.n.d.s.r.aws.ConfigClusterResolver      : Resolving eureka endpoints via configuration
2025-12-15T17:28:04.475Z  INFO 1 --- [nio-9003-exec-1] o.a.c.c.C.[Tomcat].[localhost].[/]       : Initializing Spring DispatcherServlet 'dispatcherServlet'
2025-12-15T17:28:04.480Z  INFO 1 --- [nio-9003-exec-1] o.s.web.servlet.DispatcherServlet        : Initializing Servlet 'dispatcherServlet'
2025-12-15T17:28:04.514Z  INFO 1 --- [nio-9003-exec-1] o.s.web.servlet.DispatcherServlet        : Completed initialization in 34 ms
2025-12-15T17:28:04.975Z DEBUG 1 --- [nio-9003-exec-1] i.g.r.s.c.c.CircuitBreakerAspect         : Created or retrieved circuit breaker 'passengerService' with failure rate '100.0' for method: 'com.example.service.TicketService#getTicketsByEmailService'
2025-12-15T17:28:05.767Z DEBUG 1 --- [nio-9003-exec-1] RetryableFeignBlockingLoadBalancerClient : Service instance retrieved from LoadBalancedRetryContext: was null. Reattempting service instance selection
2025-12-15T17:28:06.040Z DEBUG 1 --- [nio-9003-exec-1] RetryableFeignBlockingLoadBalancerClient : Selected service instance: [EurekaServiceInstance@76269be4 instance = InstanceInfo [instanceId = 3c19675e3b80:passenger-service:9001, appName = PASSENGER-SERVICE, hostName = 3c19675e3b80, status = UP, ipAddr = 172.19.0.14, port = 9001, securePort = 443, dataCenterInfo = com.netflix.appinfo.MyDataCenterInfo@7d192a1b]
2025-12-15T17:28:06.040Z DEBUG 1 --- [nio-9003-exec-1] RetryableFeignBlockingLoadBalancerClient : Using service instance from LoadBalancedRetryContext: [EurekaServiceInstance@76269be4 instance = InstanceInfo [instanceId = 3c19675e3b80:passenger-service:9001, appName = PASSENGER-SERVICE, hostName = 3c19675e3b80, status = UP, ipAddr = 172.19.0.14, port = 9001, securePort = 443, dataCenterInfo = com.netflix.appinfo.MyDataCenterInfo@7d192a1b]
2025-12-15T17:28:06.121Z DEBUG 1 --- [nio-9003-exec-1] RetryableFeignBlockingLoadBalancerClient : Service instance retrieved from LoadBalancedRetryContext: was null. Reattempting service instance selection
2025-12-15T17:28:06.125Z DEBUG 1 --- [nio-9003-exec-1] RetryableFeignBlockingLoadBalancerClient : Selected service instance: [EurekaServiceInstance@76269be4 instance = InstanceInfo [instanceId = 3c19675e3b80:passenger-service:9001, appName = PASSENGER-SERVICE, hostName = 3c19675e3b80, status = UP, ipAddr = 172.19.0.14, port = 9001, securePort = 443, dataCenterInfo = com.netflix.appinfo.MyDataCenterInfo@7d192a1b]
2025-12-15T17:28:06.125Z DEBUG 1 --- [nio-9003-exec-1] RetryableFeignBlockingLoadBalancerClient : Using service instance from LoadBalancedRetryContext: [EurekaServiceInstance@76269be4 instance = InstanceInfo [instanceId = 3c19675e3b80:passenger-service:9001, appName = PASSENGER-SERVICE, hostName = 3c19675e3b80, status = UP, ipAddr = 172.19.0.14, port = 9001, securePort = 443, dataCenterInfo = com.netflix.appinfo.MyDataCenterInfo@7d192a1b]
Hibernate: select t1_0.ticket_id,t1_0.booked,t1_0.flight_id,t1_0.passenger_id,t1_0.pnr,t1_0.seat_no from tickets t1_0 where t1_0.passenger_id=?
2025-12-15T17:28:06.732Z DEBUG 1 --- [nio-9003-exec-1] RetryableFeignBlockingLoadBalancerClient : Service instance retrieved from LoadBalancedRetryContext: was null. Reattempting service instance selection
2025-12-15T17:28:06.735Z DEBUG 1 --- [nio-9003-exec-1] RetryableFeignBlockingLoadBalancerClient : Selected service instance: [EurekaServiceInstance@e59ed60 instance = InstanceInfo [instanceId = 0a2afd76aae2:flight-service:9002, appName = FLIGHT-SERVICE, hostName = 0a2afd76aae2, status = UP, ipAddr = 172.19.0.13, port = 9002, securePort = 443, dataCenterInfo = com.netflix.appinfo.MyDataCenterInfo@a3cf7e]
2025-12-15T17:28:06.735Z DEBUG 1 --- [nio-9003-exec-1] RetryableFeignBlockingLoadBalancerClient : Using service instance from LoadBalancedRetryContext: [EurekaServiceInstance@e59ed60 instance = InstanceInfo [instanceId = 0a2afd76aae2:flight-service:9002, appName = FLIGHT-SERVICE, hostName = 0a2afd76aae2, status = UP, ipAddr = 172.19.0.13, port = 9002, securePort = 443, dataCenterInfo = com.netflix.appinfo.MyDataCenterInfo@a3cf7e]
2025-12-15T17:28:06.957Z DEBUG 1 --- [nio-9003-exec-1] i.g.r.c.i.CircuitBreakerStateMachine     : CircuitBreaker 'passengerService' succeeded:
2025-12-15T17:28:06.964Z DEBUG 1 --- [nio-9003-exec-1] i.g.r.c.i.CircuitBreakerStateMachine     : Event SUCCESS published: 2025-12-15T17:28:06.960773297Z[Etc/UTC]: CircuitBreaker 'passengerService' recorded a successful call. Elapsed time: 1939 ms
Hibernate: select t1_0.ticket_id from tickets t1_0 where t1_0.flight_id=? and t1_0.seat_no=? fetch first ? rows only
Hibernate: select nextval('tickets_seq')
Hibernate: insert into tickets (booked,flight_id,passenger_id,pnr,seat_no,ticket_id) values (?,?,?,?,?,?)
2025-12-15T17:28:11.906Z  INFO 1 --- [nio-9003-exec-2] o.a.k.clients.producer.ProducerConfig    : ProducerConfig values: 
	acks = -1
	auto.include.jmx.reporter = true
	batch.size = 16384
	bootstrap.servers = [kafka:29092]
	buffer.memory = 33554432
	client.dns.lookup = use_all_dns_ips
	client.id = producer-1
	compression.type = none
	connections.max.idle.ms = 540000
	delivery.timeout.ms = 120000
	enable.idempotence = true
	interceptor.classes = []
	key.serializer = class org.apache.kafka.common.serialization.StringSerializer
	linger.ms = 0
	max.block.ms = 60000
	max.in.flight.requests.per.connection = 5
	max.request.size = 1048576
	metadata.max.age.ms = 300000
	metadata.max.idle.ms = 300000
	metric.reporters = []
	metrics.num.samples = 2
	metrics.recording.level = INFO
	metrics.sample.window.ms = 30000
	partitioner.adaptive.partitioning.enable = true
	partitioner.availability.timeout.ms = 0
	partitioner.class = null
	partitioner.ignore.keys = false
	receive.buffer.bytes = 32768
	reconnect.backoff.max.ms = 1000
	reconnect.backoff.ms = 50
	request.timeout.ms = 30000
	retries = 2147483647
	retry.backoff.ms = 100
	sasl.client.callback.handler.class = null
	sasl.jaas.config = null
	sasl.kerberos.kinit.cmd = /usr/bin/kinit
	sasl.kerberos.min.time.before.relogin = 60000
	sasl.kerberos.service.name = null
	sasl.kerberos.ticket.renew.jitter = 0.05
	sasl.kerberos.ticket.renew.window.factor = 0.8
	sasl.login.callback.handler.class = null
	sasl.login.class = null
	sasl.login.connect.timeout.ms = null
	sasl.login.read.timeout.ms = null
	sasl.login.refresh.buffer.seconds = 300
	sasl.login.refresh.min.period.seconds = 60
	sasl.login.refresh.window.factor = 0.8
	sasl.login.refresh.window.jitter = 0.05
	sasl.login.retry.backoff.max.ms = 10000
	sasl.login.retry.backoff.ms = 100
	sasl.mechanism = GSSAPI
	sasl.oauthbearer.clock.skew.seconds = 30
	sasl.oauthbearer.expected.audience = null
	sasl.oauthbearer.expected.issuer = null
	sasl.oauthbearer.jwks.endpoint.refresh.ms = 3600000
	sasl.oauthbearer.jwks.endpoint.retry.backoff.max.ms = 10000
	sasl.oauthbearer.jwks.endpoint.retry.backoff.ms = 100
	sasl.oauthbearer.jwks.endpoint.url = null
	sasl.oauthbearer.scope.claim.name = scope
	sasl.oauthbearer.sub.claim.name = sub
	sasl.oauthbearer.token.endpoint.url = null
	security.protocol = PLAINTEXT
	security.providers = null
	send.buffer.bytes = 131072
	socket.connection.setup.timeout.max.ms = 30000
	socket.connection.setup.timeout.ms = 10000
	ssl.cipher.suites = null
	ssl.enabled.protocols = [TLSv1.2, TLSv1.3]
	ssl.endpoint.identification.algorithm = https
	ssl.engine.factory.class = null
	ssl.key.password = null
	ssl.keymanager.algorithm = SunX509
	ssl.keystore.certificate.chain = null
	ssl.keystore.key = null
	ssl.keystore.location = null
	ssl.keystore.password = null
	ssl.keystore.type = JKS
	ssl.protocol = TLSv1.3
	ssl.provider = null
	ssl.secure.random.implementation = null
	ssl.trustmanager.algorithm = PKIX
	ssl.truststore.certificates = null
	ssl.truststore.location = null
	ssl.truststore.password = null
	ssl.truststore.type = JKS
	transaction.timeout.ms = 60000
	transactional.id = null
	value.serializer = class org.apache.kafka.common.serialization.StringSerializer

2025-12-15T17:28:11.980Z  INFO 1 --- [nio-9003-exec-2] o.a.k.clients.producer.KafkaProducer     : [Producer clientId=producer-1] Instantiated an idempotent producer.
2025-12-15T17:28:12.081Z  INFO 1 --- [nio-9003-exec-2] o.a.kafka.common.utils.AppInfoParser     : Kafka version: 3.4.1
2025-12-15T17:28:12.082Z  INFO 1 --- [nio-9003-exec-2] o.a.kafka.common.utils.AppInfoParser     : Kafka commitId: 8a516edc2755df89
2025-12-15T17:28:12.082Z  INFO 1 --- [nio-9003-exec-2] o.a.kafka.common.utils.AppInfoParser     : Kafka startTimeMs: 1765819692077
2025-12-15T17:28:12.706Z  INFO 1 --- [ad | producer-1] org.apache.kafka.clients.Metadata        : [Producer clientId=producer-1] Resetting the last seen epoch of partition ticket-confirmation-0 to 0 since the associated topicId changed from null to MeMxyvcNR2Cb-LXjqLjF6A
2025-12-15T17:28:12.711Z  INFO 1 --- [ad | producer-1] org.apache.kafka.clients.Metadata        : [Producer clientId=producer-1] Cluster ID: h2IQx6APQlueNLuKlIQEOg
2025-12-15T17:28:12.811Z  INFO 1 --- [ad | producer-1] o.a.k.c.p.internals.TransactionManager   : [Producer clientId=producer-1] ProducerId set to 0 with epoch 0
2025-12-15T17:28:12.832Z DEBUG 1 --- [nio-9003-exec-3] i.g.r.s.c.c.CircuitBreakerAspect         : Created or retrieved circuit breaker 'passengerService' with failure rate '100.0' for method: 'com.example.service.TicketService#getTicketsByEmailService'
2025-12-15T17:28:12.835Z DEBUG 1 --- [nio-9003-exec-3] RetryableFeignBlockingLoadBalancerClient : Service instance retrieved from LoadBalancedRetryContext: was null. Reattempting service instance selection
2025-12-15T17:28:12.835Z DEBUG 1 --- [nio-9003-exec-3] RetryableFeignBlockingLoadBalancerClient : Selected service instance: [EurekaServiceInstance@76269be4 instance = InstanceInfo [instanceId = 3c19675e3b80:passenger-service:9001, appName = PASSENGER-SERVICE, hostName = 3c19675e3b80, status = UP, ipAddr = 172.19.0.14, port = 9001, securePort = 443, dataCenterInfo = com.netflix.appinfo.MyDataCenterInfo@7d192a1b]
2025-12-15T17:28:12.836Z DEBUG 1 --- [nio-9003-exec-3] RetryableFeignBlockingLoadBalancerClient : Using service instance from LoadBalancedRetryContext: [EurekaServiceInstance@76269be4 instance = InstanceInfo [instanceId = 3c19675e3b80:passenger-service:9001, appName = PASSENGER-SERVICE, hostName = 3c19675e3b80, status = UP, ipAddr = 172.19.0.14, port = 9001, securePort = 443, dataCenterInfo = com.netflix.appinfo.MyDataCenterInfo@7d192a1b]
2025-12-15T17:28:12.855Z DEBUG 1 --- [nio-9003-exec-3] RetryableFeignBlockingLoadBalancerClient : Service instance retrieved from LoadBalancedRetryContext: was null. Reattempting service instance selection
2025-12-15T17:28:12.855Z DEBUG 1 --- [nio-9003-exec-3] RetryableFeignBlockingLoadBalancerClient : Selected service instance: [EurekaServiceInstance@76269be4 instance = InstanceInfo [instanceId = 3c19675e3b80:passenger-service:9001, appName = PASSENGER-SERVICE, hostName = 3c19675e3b80, status = UP, ipAddr = 172.19.0.14, port = 9001, securePort = 443, dataCenterInfo = com.netflix.appinfo.MyDataCenterInfo@7d192a1b]
2025-12-15T17:28:12.855Z DEBUG 1 --- [nio-9003-exec-3] RetryableFeignBlockingLoadBalancerClient : Using service instance from LoadBalancedRetryContext: [EurekaServiceInstance@76269be4 instance = InstanceInfo [instanceId = 3c19675e3b80:passenger-service:9001, appName = PASSENGER-SERVICE, hostName = 3c19675e3b80, status = UP, ipAddr = 172.19.0.14, port = 9001, securePort = 443, dataCenterInfo = com.netflix.appinfo.MyDataCenterInfo@7d192a1b]
Hibernate: select t1_0.ticket_id,t1_0.booked,t1_0.flight_id,t1_0.passenger_id,t1_0.pnr,t1_0.seat_no from tickets t1_0 where t1_0.passenger_id=?
2025-12-15T17:28:12.878Z DEBUG 1 --- [nio-9003-exec-3] RetryableFeignBlockingLoadBalancerClient : Service instance retrieved from LoadBalancedRetryContext: was null. Reattempting service instance selection
2025-12-15T17:28:12.879Z DEBUG 1 --- [nio-9003-exec-3] RetryableFeignBlockingLoadBalancerClient : Selected service instance: [EurekaServiceInstance@e59ed60 instance = InstanceInfo [instanceId = 0a2afd76aae2:flight-service:9002, appName = FLIGHT-SERVICE, hostName = 0a2afd76aae2, status = UP, ipAddr = 172.19.0.13, port = 9002, securePort = 443, dataCenterInfo = com.netflix.appinfo.MyDataCenterInfo@a3cf7e]
2025-12-15T17:28:12.879Z DEBUG 1 --- [nio-9003-exec-3] RetryableFeignBlockingLoadBalancerClient : Using service instance from LoadBalancedRetryContext: [EurekaServiceInstance@e59ed60 instance = InstanceInfo [instanceId = 0a2afd76aae2:flight-service:9002, appName = FLIGHT-SERVICE, hostName = 0a2afd76aae2, status = UP, ipAddr = 172.19.0.13, port = 9002, securePort = 443, dataCenterInfo = com.netflix.appinfo.MyDataCenterInfo@a3cf7e]
2025-12-15T17:28:12.897Z DEBUG 1 --- [nio-9003-exec-3] i.g.r.c.i.CircuitBreakerStateMachine     : CircuitBreaker 'passengerService' succeeded:
2025-12-15T17:28:12.897Z DEBUG 1 --- [nio-9003-exec-3] i.g.r.c.i.CircuitBreakerStateMachine     : Event SUCCESS published: 2025-12-15T17:28:12.897916731Z[Etc/UTC]: CircuitBreaker 'passengerService' recorded a successful call. Elapsed time: 63 ms
2025-12-15T17:32:59.464Z  INFO 1 --- [trap-executor-0] c.n.d.s.r.aws.ConfigClusterResolver      : Resolving eureka endpoints via configuration
2025-12-15T17:37:13.468Z  INFO 1 --- [ad | producer-1] org.apache.kafka.clients.NetworkClient   : [Producer clientId=producer-1] Node -1 disconnected.
2025-12-15T17:37:59.807Z  INFO 1 --- [trap-executor-0] c.n.d.s.r.aws.ConfigClusterResolver      : Resolving eureka endpoints via configuration
2025-12-15T17:42:59.786Z  INFO 1 --- [trap-executor-0] c.n.d.s.r.aws.ConfigClusterResolver      : Resolving eureka endpoints via configuration
